[     375ms] [INFO] %cDownload the React DevTools for a better development experience: https://react.dev/link/react-devtools font-weight:bold @ http://localhost:3000/_next/static/chunks/1d4a1_next_dist_0c466df3._.js:2287
[     424ms] [LOG] [HMR] connected @ http://localhost:3000/_next/static/chunks/1d4a1_next_dist_0c466df3._.js:2287
[     691ms] [LOG] [Fast Refresh] rebuilding @ http://localhost:3000/_next/static/chunks/1d4a1_next_dist_0c466df3._.js:2287
[     696ms] [LOG] %c[Vercel Web Analytics]%c Debug mode is enabled by default in development. No requests will be sent to the server. color: rgb(120, 120, 120) color: inherit @ http://localhost:3000/_next/static/chunks/1d4a1_next_dist_0c466df3._.js:2287
[     696ms] [LOG] %c[Vercel Web Analytics]%c Running queued event color: rgb(120, 120, 120) color: inherit pageview {route: /dashboard/benchmark, path: /dashboard/benchmark} @ http://localhost:3000/_next/static/chunks/1d4a1_next_dist_0c466df3._.js:2287
[     696ms] [LOG] %c[Vercel Web Analytics]%c [view] http://localhost:3000/dashboard/benchmark color: rgb(120, 120, 120) color: inherit {o: http://localhost:3000/dashboard/benchmark, sv: 0.1.3, sdkn: @vercel/analytics/next, sdkv: 1.3.1, ts: 1776002049158} /_vercel/insights/view @ http://localhost:3000/_next/static/chunks/1d4a1_next_dist_0c466df3._.js:2287
[     985ms] [LOG] [Fast Refresh] done in 506ms @ http://localhost:3000/_next/static/chunks/1d4a1_next_dist_0c466df3._.js:2287
[    5813ms] [INFO] %cDownload the React DevTools for a better development experience: https://react.dev/link/react-devtools font-weight:bold @ http://localhost:3000/_next/static/chunks/1d4a1_next_dist_0c466df3._.js:2287
[    5873ms] [LOG] [HMR] connected @ http://localhost:3000/_next/static/chunks/1d4a1_next_dist_0c466df3._.js:2287
[    6107ms] [LOG] %c[Vercel Web Analytics]%c Debug mode is enabled by default in development. No requests will be sent to the server. color: rgb(120, 120, 120) color: inherit @ http://localhost:3000/_next/static/chunks/1d4a1_next_dist_0c466df3._.js:2287
[    6107ms] [LOG] %c[Vercel Web Analytics]%c Running queued event color: rgb(120, 120, 120) color: inherit pageview {route: /dashboard/benchmark, path: /dashboard/benchmark} @ http://localhost:3000/_next/static/chunks/1d4a1_next_dist_0c466df3._.js:2287
[    6107ms] [LOG] %c[Vercel Web Analytics]%c [view] http://localhost:3000/dashboard/benchmark color: rgb(120, 120, 120) color: inherit {o: http://localhost:3000/dashboard/benchmark, sv: 0.1.3, sdkn: @vercel/analytics/next, sdkv: 1.3.1, ts: 1776002054569} /_vercel/insights/view @ http://localhost:3000/_next/static/chunks/1d4a1_next_dist_0c466df3._.js:2287
[    7726ms] [WARNING] Detected `scroll-behavior: smooth` on the `<html>` element. To disable smooth scrolling during route transitions, add `data-scroll-behavior="smooth"` to your <html> element. Learn more: https://nextjs.org/docs/messages/missing-data-scroll-behavior @ http://localhost:3000/_next/static/chunks/1d4a1_next_dist_0c466df3._.js:2287
[    7740ms] [LOG] %c[Vercel Web Analytics]%c [view] http://localhost:3000/dashboard/overview color: rgb(120, 120, 120) color: inherit {o: http://localhost:3000/dashboard/overview, sv: 0.1.3, sdkn: @vercel/analytics/next, sdkv: 1.3.1, ts: 1776002056192} /_vercel/insights/view @ http://localhost:3000/_next/static/chunks/1d4a1_next_dist_0c466df3._.js:2287
[    9370ms] [LOG] %c[Vercel Web Analytics]%c [view] http://localhost:3000/dashboard/rankings color: rgb(120, 120, 120) color: inherit {o: http://localhost:3000/dashboard/rankings, sv: 0.1.3, sdkn: @vercel/analytics/next, sdkv: 1.3.1, ts: 1776002057824} /_vercel/insights/view @ http://localhost:3000/_next/static/chunks/1d4a1_next_dist_0c466df3._.js:2287
[   10179ms] [LOG] %c[Vercel Web Analytics]%c [view] http://localhost:3000/dashboard/channel color: rgb(120, 120, 120) color: inherit {o: http://localhost:3000/dashboard/channel, sv: 0.1.3, sdkn: @vercel/analytics/next, sdkv: 1.3.1, ts: 1776002058634} /_vercel/insights/view @ http://localhost:3000/_next/static/chunks/1d4a1_next_dist_0c466df3._.js:2287
[   10675ms] [LOG] %c[Vercel Web Analytics]%c [view] http://localhost:3000/dashboard/content color: rgb(120, 120, 120) color: inherit {o: http://localhost:3000/dashboard/content, sv: 0.1.3, sdkn: @vercel/analytics/next, sdkv: 1.3.1, ts: 1776002059133} /_vercel/insights/view @ http://localhost:3000/_next/static/chunks/1d4a1_next_dist_0c466df3._.js:2287
[   11191ms] [LOG] %c[Vercel Web Analytics]%c [view] http://localhost:3000/dashboard/benchmark color: rgb(120, 120, 120) color: inherit {o: http://localhost:3000/dashboard/benchmark, sv: 0.1.3, sdkn: @vercel/analytics/next, sdkv: 1.3.1, ts: 1776002059645} /_vercel/insights/view @ http://localhost:3000/_next/static/chunks/1d4a1_next_dist_0c466df3._.js:2287
[   11561ms] [LOG] %c[Vercel Web Analytics]%c [view] http://localhost:3000/dashboard/trends color: rgb(120, 120, 120) color: inherit {o: http://localhost:3000/dashboard/trends, sv: 0.1.3, sdkn: @vercel/analytics/next, sdkv: 1.3.1, ts: 1776002060019} /_vercel/insights/view @ http://localhost:3000/_next/static/chunks/1d4a1_next_dist_0c466df3._.js:2287
[   13522ms] [LOG] %c[Vercel Web Analytics]%c [view] http://localhost:3000/dashboard/overview color: rgb(120, 120, 120) color: inherit {o: http://localhost:3000/dashboard/overview, sv: 0.1.3, sdkn: @vercel/analytics/next, sdkv: 1.3.1, ts: 1776002061977} /_vercel/insights/view @ http://localhost:3000/_next/static/chunks/1d4a1_next_dist_0c466df3._.js:2287
[   64687ms] [LOG] %c[Vercel Web Analytics]%c [view] http://localhost:3000/dashboard/benchmark color: rgb(120, 120, 120) color: inherit {o: http://localhost:3000/dashboard/benchmark, sv: 0.1.3, sdkn: @vercel/analytics/next, sdkv: 1.3.1, ts: 1776002113145} /_vercel/insights/view @ http://localhost:3000/_next/static/chunks/1d4a1_next_dist_0c466df3._.js:2287
[   66741ms] [LOG] [Fast Refresh] rebuilding @ http://localhost:3000/_next/static/chunks/1d4a1_next_dist_0c466df3._.js:2287
[   66845ms] [LOG] [Fast Refresh] done in 206ms @ http://localhost:3000/_next/static/chunks/1d4a1_next_dist_0c466df3._.js:2287
[  106777ms] [LOG] %c[Vercel Web Analytics]%c [view] http://localhost:3000/dashboard/trends color: rgb(120, 120, 120) color: inherit {o: http://localhost:3000/dashboard/trends, sv: 0.1.3, sdkn: @vercel/analytics/next, sdkv: 1.3.1, ts: 1776002155236} /_vercel/insights/view @ http://localhost:3000/_next/static/chunks/1d4a1_next_dist_0c466df3._.js:2287
[  108840ms] [LOG] [Fast Refresh] rebuilding @ http://localhost:3000/_next/static/chunks/1d4a1_next_dist_0c466df3._.js:2287
[  108840ms] [LOG] [Fast Refresh] done in 102ms @ http://localhost:3000/_next/static/chunks/1d4a1_next_dist_0c466df3._.js:2287
[  118941ms] [LOG] %c[Vercel Web Analytics]%c [view] http://localhost:3000/dashboard/benchmark color: rgb(120, 120, 120) color: inherit {o: http://localhost:3000/dashboard/benchmark, sv: 0.1.3, sdkn: @vercel/analytics/next, sdkv: 1.3.1, ts: 1776002167401} /_vercel/insights/view @ http://localhost:3000/_next/static/chunks/1d4a1_next_dist_0c466df3._.js:2287
