[     402ms] [INFO] %cDownload the React DevTools for a better development experience: https://react.dev/link/react-devtools font-weight:bold @ http://localhost:3000/_next/static/chunks/1d4a1_next_dist_0c466df3._.js:2287
[     441ms] [LOG] [HMR] connected @ http://localhost:3000/_next/static/chunks/1d4a1_next_dist_0c466df3._.js:2287
[     691ms] Error: Hydration failed because the server rendered text didn't match the client. As a result this tree will be regenerated on the client. This can happen if a SSR-ed Client Component used:

- A server/client branch `if (typeof window !== 'undefined')`.
- Variable input such as `Date.now()` or `Math.random()` which changes each time it's called.
- Date formatting in a user's locale which doesn't match the server.
- External changing data without sending a snapshot of it along with the HTML.
- Invalid HTML tag nesting.

It can also happen if the client has a browser extension installed which messes with the HTML before React loaded.

https://react.dev/link/hydration-mismatch

  ...
    <LoadingBoundary name="/" loading={null}>
      <HTTPAccessFallbackBoundary notFound={<SegmentViewNode>} forbidden={undefined} unauthorized={undefined}>
        <HTTPAccessFallbackErrorBoundary pathname="/" notFound={<SegmentViewNode>} forbidden={undefined} ...>
          <RedirectBoundary>
            <RedirectErrorBoundary router={{...}}>
              <InnerLayoutRouter url="/" tree={[...]} params={{}} cacheNode={{lazyData:null, ...}} segmentPath={[...]} ...>
                <SegmentViewNode type="page" pagePath="page.tsx">
                  <SegmentTrieNode>
                  <Home>
                    <main className="relative m...">
                      <Navigation>
                      <HeroSection>
                      <FeaturesSection>
                      <HowItWorksSection>
                      <InfrastructureSection>
                      <MetricsSection>
                        <section id="studio" ref={{current:null}} className="relative p...">
                          <div className="max-w-[140...">
                            <div className="flex flex-...">
                              <div>
                              <div className="flex items...">
                                <span>
                                <span>
                                <span>
+                                 17:21:04
-                                 5:21:03 PM
                            ...
                      ...
                ...
              ...

    at throwOnHydrationMismatch (http://localhost:3000/_next/static/chunks/1d4a1_next_dist_compiled_react-dom_18dd40c7._.js:3342:56)
    at prepareToHydrateHostInstance (http://localhost:3000/_next/static/chunks/1d4a1_next_dist_compiled_react-dom_18dd40c7._.js:3396:23)
    at completeWork (http://localhost:3000/_next/static/chunks/1d4a1_next_dist_compiled_react-dom_18dd40c7._.js:6928:60)
    at runWithFiberInDEV (http://localhost:3000/_next/static/chunks/1d4a1_next_dist_compiled_react-dom_18dd40c7._.js:959:74)
    at completeUnitOfWork (http://localhost:3000/_next/static/chunks/1d4a1_next_dist_compiled_react-dom_18dd40c7._.js:9621:23)
    at performUnitOfWork (http://localhost:3000/_next/static/chunks/1d4a1_next_dist_compiled_react-dom_18dd40c7._.js:9558:28)
    at workLoopConcurrentByScheduler (http://localhost:3000/_next/static/chunks/1d4a1_next_dist_compiled_react-dom_18dd40c7._.js:9552:58)
    at renderRootConcurrent (http://localhost:3000/_next/static/chunks/1d4a1_next_dist_compiled_react-dom_18dd40c7._.js:9535:71)
    at performWorkOnRoot (http://localhost:3000/_next/static/chunks/1d4a1_next_dist_compiled_react-dom_18dd40c7._.js:9062:150)
    at performWorkOnRootViaSchedulerTask (http://localhost:3000/_next/static/chunks/1d4a1_next_dist_compiled_react-dom_18dd40c7._.js:10224:9)
    at MessagePort.performWorkUntilDeadline (http://localhost:3000/_next/static/chunks/1d4a1_next_dist_compiled_48767191._.js:2647:64)
[     735ms] [LOG] %c[Vercel Web Analytics]%c Debug mode is enabled by default in development. No requests will be sent to the server. color: rgb(120, 120, 120) color: inherit @ http://localhost:3000/_next/static/chunks/1d4a1_next_dist_0c466df3._.js:2287
[     735ms] [LOG] %c[Vercel Web Analytics]%c Running queued event color: rgb(120, 120, 120) color: inherit pageview {route: /, path: /} @ http://localhost:3000/_next/static/chunks/1d4a1_next_dist_0c466df3._.js:2287
[     735ms] [LOG] %c[Vercel Web Analytics]%c Running queued event color: rgb(120, 120, 120) color: inherit pageview {route: /, path: /} @ http://localhost:3000/_next/static/chunks/1d4a1_next_dist_0c466df3._.js:2287
[     735ms] [LOG] %c[Vercel Web Analytics]%c [view] http://localhost:3000/ color: rgb(120, 120, 120) color: inherit {o: http://localhost:3000/, sv: 0.1.3, sdkn: @vercel/analytics/next, sdkv: 1.3.1, ts: 1776075664424} /_vercel/insights/view @ http://localhost:3000/_next/static/chunks/1d4a1_next_dist_0c466df3._.js:2287
[     735ms] [LOG] %c[Vercel Web Analytics]%c [view] http://localhost:3000/ color: rgb(120, 120, 120) color: inherit {o: http://localhost:3000/, sv: 0.1.3, sdkn: @vercel/analytics/next, sdkv: 1.3.1, ts: 1776075664424} /_vercel/insights/view @ http://localhost:3000/_next/static/chunks/1d4a1_next_dist_0c466df3._.js:2287
