[     306ms] [INFO] %cDownload the React DevTools for a better development experience: https://react.dev/link/react-devtools font-weight:bold @ http://localhost:3000/_next/static/chunks/1d4a1_next_dist_0c466df3._.js:2287
[     389ms] [LOG] [HMR] connected @ http://localhost:3000/_next/static/chunks/1d4a1_next_dist_0c466df3._.js:2287
[     529ms] [LOG] %c[Vercel Web Analytics]%c Debug mode is enabled by default in development. No requests will be sent to the server. color: rgb(120, 120, 120) color: inherit @ http://localhost:3000/_next/static/chunks/1d4a1_next_dist_0c466df3._.js:2287
[     530ms] [LOG] %c[Vercel Web Analytics]%c Running queued event color: rgb(120, 120, 120) color: inherit pageview {route: /dashboard/trends, path: /dashboard/trends} @ http://localhost:3000/_next/static/chunks/1d4a1_next_dist_0c466df3._.js:2287
[     531ms] [LOG] %c[Vercel Web Analytics]%c [view] http://localhost:3000/dashboard/trends color: rgb(120, 120, 120) color: inherit {o: http://localhost:3000/dashboard/trends, sv: 0.1.3, sdkn: @vercel/analytics/next, sdkv: 1.3.1, ts: 1775997639743} /_vercel/insights/view @ http://localhost:3000/_next/static/chunks/1d4a1_next_dist_0c466df3._.js:2287
[     689ms] [ERROR] Encountered two children with the same key, `%s`. Keys should be unique so that components maintain their identity across updates. Non-unique keys may cause children to be duplicated and/or omitted — the behavior is unsupported and could change in a future version. db000001-0000-0000-0000-00000000000b @ http://localhost:3000/_next/static/chunks/1d4a1_next_dist_0c466df3._.js:3117
[     690ms] [ERROR] Encountered two children with the same key, `%s`. Keys should be unique so that components maintain their identity across updates. Non-unique keys may cause children to be duplicated and/or omitted — the behavior is unsupported and could change in a future version. db000001-0000-0000-0000-00000000000b @ http://localhost:3000/_next/static/chunks/1d4a1_next_dist_0c466df3._.js:3117
[     690ms] [ERROR] Encountered two children with the same key, `%s`. Keys should be unique so that components maintain their identity across updates. Non-unique keys may cause children to be duplicated and/or omitted — the behavior is unsupported and could change in a future version. db000006-0000-0000-0000-000000000016 @ http://localhost:3000/_next/static/chunks/1d4a1_next_dist_0c466df3._.js:3117
[     690ms] [ERROR] Encountered two children with the same key, `%s`. Keys should be unique so that components maintain their identity across updates. Non-unique keys may cause children to be duplicated and/or omitted — the behavior is unsupported and could change in a future version. db000001-0000-0000-0000-00000000000b @ http://localhost:3000/_next/static/chunks/1d4a1_next_dist_0c466df3._.js:3117
[     690ms] [ERROR] Encountered two children with the same key, `%s`. Keys should be unique so that components maintain their identity across updates. Non-unique keys may cause children to be duplicated and/or omitted — the behavior is unsupported and could change in a future version. db000006-0000-0000-0000-000000000016 @ http://localhost:3000/_next/static/chunks/1d4a1_next_dist_0c466df3._.js:3117
[     690ms] [ERROR] Encountered two children with the same key, `%s`. Keys should be unique so that components maintain their identity across updates. Non-unique keys may cause children to be duplicated and/or omitted — the behavior is unsupported and could change in a future version. db000010-0000-0000-0000-00000000001e @ http://localhost:3000/_next/static/chunks/1d4a1_next_dist_0c466df3._.js:3117
[     690ms] [ERROR] Encountered two children with the same key, `%s`. Keys should be unique so that components maintain their identity across updates. Non-unique keys may cause children to be duplicated and/or omitted — the behavior is unsupported and could change in a future version. db000010-0000-0000-0000-00000000001e @ http://localhost:3000/_next/static/chunks/1d4a1_next_dist_0c466df3._.js:3117
[     690ms] [ERROR] Encountered two children with the same key, `%s`. Keys should be unique so that components maintain their identity across updates. Non-unique keys may cause children to be duplicated and/or omitted — the behavior is unsupported and could change in a future version. db000010-0000-0000-0000-00000000001e @ http://localhost:3000/_next/static/chunks/1d4a1_next_dist_0c466df3._.js:3117
[     690ms] [ERROR] Encountered two children with the same key, `%s`. Keys should be unique so that components maintain their identity across updates. Non-unique keys may cause children to be duplicated and/or omitted — the behavior is unsupported and could change in a future version. db000005-0000-0000-0000-000000000014 @ http://localhost:3000/_next/static/chunks/1d4a1_next_dist_0c466df3._.js:3117
[     690ms] [ERROR] Encountered two children with the same key, `%s`. Keys should be unique so that components maintain their identity across updates. Non-unique keys may cause children to be duplicated and/or omitted — the behavior is unsupported and could change in a future version. db000009-0000-0000-0000-000000000016 @ http://localhost:3000/_next/static/chunks/1d4a1_next_dist_0c466df3._.js:3117
[     690ms] [ERROR] Encountered two children with the same key, `%s`. Keys should be unique so that components maintain their identity across updates. Non-unique keys may cause children to be duplicated and/or omitted — the behavior is unsupported and could change in a future version. db000010-0000-0000-0000-00000000001e @ http://localhost:3000/_next/static/chunks/1d4a1_next_dist_0c466df3._.js:3117
[     690ms] [ERROR] Encountered two children with the same key, `%s`. Keys should be unique so that components maintain their identity across updates. Non-unique keys may cause children to be duplicated and/or omitted — the behavior is unsupported and could change in a future version. db000004-0000-0000-0000-000000000015 @ http://localhost:3000/_next/static/chunks/1d4a1_next_dist_0c466df3._.js:3117
[     740ms] [ERROR] Encountered two children with the same key, `%s`. Keys should be unique so that components maintain their identity across updates. Non-unique keys may cause children to be duplicated and/or omitted — the behavior is unsupported and could change in a future version. db000001-0000-0000-0000-00000000000b @ http://localhost:3000/_next/static/chunks/1d4a1_next_dist_0c466df3._.js:3117
[     740ms] [ERROR] Encountered two children with the same key, `%s`. Keys should be unique so that components maintain their identity across updates. Non-unique keys may cause children to be duplicated and/or omitted — the behavior is unsupported and could change in a future version. db000001-0000-0000-0000-00000000000b @ http://localhost:3000/_next/static/chunks/1d4a1_next_dist_0c466df3._.js:3117
[     741ms] [ERROR] Encountered two children with the same key, `%s`. Keys should be unique so that components maintain their identity across updates. Non-unique keys may cause children to be duplicated and/or omitted — the behavior is unsupported and could change in a future version. db000006-0000-0000-0000-000000000016 @ http://localhost:3000/_next/static/chunks/1d4a1_next_dist_0c466df3._.js:3117
[     741ms] [ERROR] Encountered two children with the same key, `%s`. Keys should be unique so that components maintain their identity across updates. Non-unique keys may cause children to be duplicated and/or omitted — the behavior is unsupported and could change in a future version. db000001-0000-0000-0000-00000000000b @ http://localhost:3000/_next/static/chunks/1d4a1_next_dist_0c466df3._.js:3117
[     741ms] [ERROR] Encountered two children with the same key, `%s`. Keys should be unique so that components maintain their identity across updates. Non-unique keys may cause children to be duplicated and/or omitted — the behavior is unsupported and could change in a future version. db000006-0000-0000-0000-000000000016 @ http://localhost:3000/_next/static/chunks/1d4a1_next_dist_0c466df3._.js:3117
[     741ms] [ERROR] Encountered two children with the same key, `%s`. Keys should be unique so that components maintain their identity across updates. Non-unique keys may cause children to be duplicated and/or omitted — the behavior is unsupported and could change in a future version. db000010-0000-0000-0000-00000000001e @ http://localhost:3000/_next/static/chunks/1d4a1_next_dist_0c466df3._.js:3117
[     741ms] [ERROR] Encountered two children with the same key, `%s`. Keys should be unique so that components maintain their identity across updates. Non-unique keys may cause children to be duplicated and/or omitted — the behavior is unsupported and could change in a future version. db000010-0000-0000-0000-00000000001e @ http://localhost:3000/_next/static/chunks/1d4a1_next_dist_0c466df3._.js:3117
[     741ms] [ERROR] Encountered two children with the same key, `%s`. Keys should be unique so that components maintain their identity across updates. Non-unique keys may cause children to be duplicated and/or omitted — the behavior is unsupported and could change in a future version. db000010-0000-0000-0000-00000000001e @ http://localhost:3000/_next/static/chunks/1d4a1_next_dist_0c466df3._.js:3117
[     741ms] [ERROR] Encountered two children with the same key, `%s`. Keys should be unique so that components maintain their identity across updates. Non-unique keys may cause children to be duplicated and/or omitted — the behavior is unsupported and could change in a future version. db000005-0000-0000-0000-000000000014 @ http://localhost:3000/_next/static/chunks/1d4a1_next_dist_0c466df3._.js:3117
[     741ms] [ERROR] Encountered two children with the same key, `%s`. Keys should be unique so that components maintain their identity across updates. Non-unique keys may cause children to be duplicated and/or omitted — the behavior is unsupported and could change in a future version. db000009-0000-0000-0000-000000000016 @ http://localhost:3000/_next/static/chunks/1d4a1_next_dist_0c466df3._.js:3117
[     741ms] [ERROR] Encountered two children with the same key, `%s`. Keys should be unique so that components maintain their identity across updates. Non-unique keys may cause children to be duplicated and/or omitted — the behavior is unsupported and could change in a future version. db000010-0000-0000-0000-00000000001e @ http://localhost:3000/_next/static/chunks/1d4a1_next_dist_0c466df3._.js:3117
[     741ms] [ERROR] Encountered two children with the same key, `%s`. Keys should be unique so that components maintain their identity across updates. Non-unique keys may cause children to be duplicated and/or omitted — the behavior is unsupported and could change in a future version. db000004-0000-0000-0000-000000000015 @ http://localhost:3000/_next/static/chunks/1d4a1_next_dist_0c466df3._.js:3117
[   17695ms] [LOG] [Fast Refresh] rebuilding @ http://localhost:3000/_next/static/chunks/1d4a1_next_dist_0c466df3._.js:2287
[   17705ms] [LOG] [Fast Refresh] done in 110ms @ http://localhost:3000/_next/static/chunks/1d4a1_next_dist_0c466df3._.js:2287
[  733822ms] [LOG] Brand label: IDP-Vietnam-Friesland @ http://localhost:3000/_next/static/chunks/1d4a1_next_dist_0c466df3._.js:2287
[  733822ms] [LOG] Brand label: MocChau-Milk @ http://localhost:3000/_next/static/chunks/1d4a1_next_dist_0c466df3._.js:2287
[  733822ms] [LOG] Brand label: Nutifood-VN @ http://localhost:3000/_next/static/chunks/1d4a1_next_dist_0c466df3._.js:2287
[  733822ms] [LOG] Brand label: Nutricare-VN @ http://localhost:3000/_next/static/chunks/1d4a1_next_dist_0c466df3._.js:2287
[  733823ms] [LOG] Brand label: Others-NA @ http://localhost:3000/_next/static/chunks/1d4a1_next_dist_0c466df3._.js:2287
[  733823ms] [LOG] Brand label: VPMilk-VN @ http://localhost:3000/_next/static/chunks/1d4a1_next_dist_0c466df3._.js:2287
[  733823ms] [LOG] Brand label: VitaDairy-VN @ http://localhost:3000/_next/static/chunks/1d4a1_next_dist_0c466df3._.js:2287
[  733823ms] [LOG] Brand label: TH-Milk-Vietnam @ http://localhost:3000/_next/static/chunks/1d4a1_next_dist_0c466df3._.js:2287
[  733823ms] [LOG] Brand label: FCV-CP-FrieslandCampina-VN @ http://localhost:3000/_next/static/chunks/1d4a1_next_dist_0c466df3._.js:2287
[  921132ms] [LOG] [Fast Refresh] rebuilding @ http://localhost:3000/_next/static/chunks/1d4a1_next_dist_0c466df3._.js:2287
[  921156ms] [LOG] [Fast Refresh] done in 125ms @ http://localhost:3000/_next/static/chunks/1d4a1_next_dist_0c466df3._.js:2287
[  952115ms] [ERROR] WebSocket connection to 'ws://localhost:3000/_next/webpack-hmr?id=quGX91wR8NbYN30VKpwnv' failed:  @ http://localhost:3000/_next/static/chunks/1d4a1_next_dist_client_2cb92f85._.js:10116
[  953121ms] [ERROR] WebSocket connection to 'ws://localhost:3000/_next/webpack-hmr?id=quGX91wR8NbYN30VKpwnv' failed: Error in connection establishment: net::ERR_CONNECTION_REFUSED @ http://localhost:3000/_next/static/chunks/1d4a1_next_dist_client_2cb92f85._.js:10116
[  954123ms] [ERROR] WebSocket connection to 'ws://localhost:3000/_next/webpack-hmr?id=quGX91wR8NbYN30VKpwnv' failed: Error in connection establishment: net::ERR_CONNECTION_REFUSED @ http://localhost:3000/_next/static/chunks/1d4a1_next_dist_client_2cb92f85._.js:10116
[  955125ms] [ERROR] WebSocket connection to 'ws://localhost:3000/_next/webpack-hmr?id=quGX91wR8NbYN30VKpwnv' failed: Error in connection establishment: net::ERR_CONNECTION_REFUSED @ http://localhost:3000/_next/static/chunks/1d4a1_next_dist_client_2cb92f85._.js:10116
[  956129ms] [ERROR] WebSocket connection to 'ws://localhost:3000/_next/webpack-hmr?id=quGX91wR8NbYN30VKpwnv' failed: Error in connection establishment: net::ERR_CONNECTION_REFUSED @ http://localhost:3000/_next/static/chunks/1d4a1_next_dist_client_2cb92f85._.js:10116
[  957133ms] [ERROR] WebSocket connection to 'ws://localhost:3000/_next/webpack-hmr?id=quGX91wR8NbYN30VKpwnv' failed: Error in connection establishment: net::ERR_CONNECTION_REFUSED @ http://localhost:3000/_next/static/chunks/1d4a1_next_dist_client_2cb92f85._.js:10116
[  962141ms] [ERROR] WebSocket connection to 'ws://localhost:3000/_next/webpack-hmr?id=quGX91wR8NbYN30VKpwnv' failed: Error in connection establishment: net::ERR_CONNECTION_REFUSED @ http://localhost:3000/_next/static/chunks/1d4a1_next_dist_client_2cb92f85._.js:10116
[  967151ms] [ERROR] WebSocket connection to 'ws://localhost:3000/_next/webpack-hmr?id=quGX91wR8NbYN30VKpwnv' failed: Error in connection establishment: net::ERR_CONNECTION_REFUSED @ http://localhost:3000/_next/static/chunks/1d4a1_next_dist_client_2cb92f85._.js:10116
[  972166ms] [ERROR] WebSocket connection to 'ws://localhost:3000/_next/webpack-hmr?id=quGX91wR8NbYN30VKpwnv' failed: Error in connection establishment: net::ERR_CONNECTION_REFUSED @ http://localhost:3000/_next/static/chunks/1d4a1_next_dist_client_2cb92f85._.js:10116
[  977190ms] [ERROR] WebSocket connection to 'ws://localhost:3000/_next/webpack-hmr?id=quGX91wR8NbYN30VKpwnv' failed: Error in connection establishment: net::ERR_CONNECTION_REFUSED @ http://localhost:3000/_next/static/chunks/1d4a1_next_dist_client_2cb92f85._.js:10116
[  982219ms] [ERROR] WebSocket connection to 'ws://localhost:3000/_next/webpack-hmr?id=quGX91wR8NbYN30VKpwnv' failed: Error in connection establishment: net::ERR_CONNECTION_REFUSED @ http://localhost:3000/_next/static/chunks/1d4a1_next_dist_client_2cb92f85._.js:10116
[  987302ms] [ERROR] WebSocket connection to 'ws://localhost:3000/_next/webpack-hmr?id=quGX91wR8NbYN30VKpwnv' failed: Error in connection establishment: net::ERR_CONNECTION_REFUSED @ http://localhost:3000/_next/static/chunks/1d4a1_next_dist_client_2cb92f85._.js:10116
[  992611ms] [ERROR] WebSocket connection to 'ws://localhost:3000/_next/webpack-hmr?id=quGX91wR8NbYN30VKpwnv' failed: Error in connection establishment: net::ERR_CONNECTION_REFUSED @ http://localhost:3000/_next/static/chunks/1d4a1_next_dist_client_2cb92f85._.js:10116
[ 1090174ms] [INFO] %cDownload the React DevTools for a better development experience: https://react.dev/link/react-devtools font-weight:bold @ http://localhost:3000/_next/static/chunks/1d4a1_next_dist_0c466df3._.js:2287
[ 1090252ms] [LOG] [HMR] connected @ http://localhost:3000/_next/static/chunks/1d4a1_next_dist_0c466df3._.js:2287
[ 1090332ms] [LOG] %c[Vercel Web Analytics]%c Debug mode is enabled by default in development. No requests will be sent to the server. color: rgb(120, 120, 120) color: inherit @ http://localhost:3000/_next/static/chunks/1d4a1_next_dist_0c466df3._.js:2287
[ 1090332ms] [LOG] %c[Vercel Web Analytics]%c Running queued event color: rgb(120, 120, 120) color: inherit pageview {route: /dashboard/trends, path: /dashboard/trends} @ http://localhost:3000/_next/static/chunks/1d4a1_next_dist_0c466df3._.js:2287
[ 1090333ms] [LOG] %c[Vercel Web Analytics]%c [view] http://localhost:3000/dashboard/trends color: rgb(120, 120, 120) color: inherit {o: http://localhost:3000/dashboard/trends, sv: 0.1.3, sdkn: @vercel/analytics/next, sdkv: 1.3.1, ts: 1775998729546} /_vercel/insights/view @ http://localhost:3000/_next/static/chunks/1d4a1_next_dist_0c466df3._.js:2287
[ 1090424ms] [LOG] [Fast Refresh] rebuilding @ http://localhost:3000/_next/static/chunks/1d4a1_next_dist_0c466df3._.js:2287
[ 1090534ms] [LOG] [Fast Refresh] done in 211ms @ http://localhost:3000/_next/static/chunks/1d4a1_next_dist_0c466df3._.js:2287
