[     175ms] [LOG] [Fast Refresh] rebuilding @ http://localhost:3000/_next/static/chunks/1d4a1_next_dist_0c466df3._.js:2287
[     776ms] [LOG] [Fast Refresh] done in 703ms @ http://localhost:3000/_next/static/chunks/1d4a1_next_dist_0c466df3._.js:2287
[     888ms] [INFO] %cDownload the React DevTools for a better development experience: https://react.dev/link/react-devtools font-weight:bold @ http://localhost:3000/_next/static/chunks/1d4a1_next_dist_0c466df3._.js:2287
[     904ms] [LOG] [HMR] connected @ http://localhost:3000/_next/static/chunks/1d4a1_next_dist_0c466df3._.js:2287
[    1078ms] [LOG] %c[Vercel Web Analytics]%c Debug mode is enabled by default in development. No requests will be sent to the server. color: rgb(120, 120, 120) color: inherit @ http://localhost:3000/_next/static/chunks/1d4a1_next_dist_0c466df3._.js:2287
[    1078ms] [LOG] %c[Vercel Web Analytics]%c Running queued event color: rgb(120, 120, 120) color: inherit pageview {route: /dashboard/rankings, path: /dashboard/rankings} @ http://localhost:3000/_next/static/chunks/1d4a1_next_dist_0c466df3._.js:2287
[    1078ms] [LOG] %c[Vercel Web Analytics]%c [view] http://localhost:3000/dashboard/rankings color: rgb(120, 120, 120) color: inherit {o: http://localhost:3000/dashboard/rankings, sv: 0.1.3, sdkn: @vercel/analytics/next, sdkv: 1.3.1, ts: 1776000979649} /_vercel/insights/view @ http://localhost:3000/_next/static/chunks/1d4a1_next_dist_0c466df3._.js:2287
[    1584ms] [WARNING] The width(80) and height(32) are both fixed numbers,
       maybe you don't need to use a ResponsiveContainer. @ http://localhost:3000/_next/static/chunks/1d4a1_next_dist_0c466df3._.js:2287
[    1584ms] [WARNING] The width(80) and height(32) are both fixed numbers,
       maybe you don't need to use a ResponsiveContainer. @ http://localhost:3000/_next/static/chunks/1d4a1_next_dist_0c466df3._.js:2287
[    1591ms] [WARNING] The width(80) and height(32) are both fixed numbers,
       maybe you don't need to use a ResponsiveContainer. @ http://localhost:3000/_next/static/chunks/1d4a1_next_dist_0c466df3._.js:2287
[    1591ms] [WARNING] The width(80) and height(32) are both fixed numbers,
       maybe you don't need to use a ResponsiveContainer. @ http://localhost:3000/_next/static/chunks/1d4a1_next_dist_0c466df3._.js:2287
[    1593ms] [WARNING] The width(80) and height(32) are both fixed numbers,
       maybe you don't need to use a ResponsiveContainer. @ http://localhost:3000/_next/static/chunks/1d4a1_next_dist_0c466df3._.js:2287
[    1593ms] [WARNING] The width(80) and height(32) are both fixed numbers,
       maybe you don't need to use a ResponsiveContainer. @ http://localhost:3000/_next/static/chunks/1d4a1_next_dist_0c466df3._.js:2287
[    1595ms] [WARNING] The width(80) and height(32) are both fixed numbers,
       maybe you don't need to use a ResponsiveContainer. @ http://localhost:3000/_next/static/chunks/1d4a1_next_dist_0c466df3._.js:2287
[    1595ms] [WARNING] The width(80) and height(32) are both fixed numbers,
       maybe you don't need to use a ResponsiveContainer. @ http://localhost:3000/_next/static/chunks/1d4a1_next_dist_0c466df3._.js:2287
[    1596ms] [WARNING] The width(80) and height(32) are both fixed numbers,
       maybe you don't need to use a ResponsiveContainer. @ http://localhost:3000/_next/static/chunks/1d4a1_next_dist_0c466df3._.js:2287
[    1596ms] [WARNING] The width(80) and height(32) are both fixed numbers,
       maybe you don't need to use a ResponsiveContainer. @ http://localhost:3000/_next/static/chunks/1d4a1_next_dist_0c466df3._.js:2287
[    1598ms] [WARNING] The width(80) and height(32) are both fixed numbers,
       maybe you don't need to use a ResponsiveContainer. @ http://localhost:3000/_next/static/chunks/1d4a1_next_dist_0c466df3._.js:2287
[    1598ms] [WARNING] The width(80) and height(32) are both fixed numbers,
       maybe you don't need to use a ResponsiveContainer. @ http://localhost:3000/_next/static/chunks/1d4a1_next_dist_0c466df3._.js:2287
[    1600ms] [WARNING] The width(80) and height(32) are both fixed numbers,
       maybe you don't need to use a ResponsiveContainer. @ http://localhost:3000/_next/static/chunks/1d4a1_next_dist_0c466df3._.js:2287
[    1600ms] [WARNING] The width(80) and height(32) are both fixed numbers,
       maybe you don't need to use a ResponsiveContainer. @ http://localhost:3000/_next/static/chunks/1d4a1_next_dist_0c466df3._.js:2287
[    1602ms] [WARNING] The width(80) and height(32) are both fixed numbers,
       maybe you don't need to use a ResponsiveContainer. @ http://localhost:3000/_next/static/chunks/1d4a1_next_dist_0c466df3._.js:2287
[    1602ms] [WARNING] The width(80) and height(32) are both fixed numbers,
       maybe you don't need to use a ResponsiveContainer. @ http://localhost:3000/_next/static/chunks/1d4a1_next_dist_0c466df3._.js:2287
[    1604ms] [WARNING] The width(80) and height(32) are both fixed numbers,
       maybe you don't need to use a ResponsiveContainer. @ http://localhost:3000/_next/static/chunks/1d4a1_next_dist_0c466df3._.js:2287
[    1604ms] [WARNING] The width(80) and height(32) are both fixed numbers,
       maybe you don't need to use a ResponsiveContainer. @ http://localhost:3000/_next/static/chunks/1d4a1_next_dist_0c466df3._.js:2287
[    1626ms] [WARNING] The width(80) and height(32) are both fixed numbers,
       maybe you don't need to use a ResponsiveContainer. @ http://localhost:3000/_next/static/chunks/1d4a1_next_dist_0c466df3._.js:2287
[    1626ms] [WARNING] The width(80) and height(32) are both fixed numbers,
       maybe you don't need to use a ResponsiveContainer. @ http://localhost:3000/_next/static/chunks/1d4a1_next_dist_0c466df3._.js:2287
[    1628ms] [WARNING] The width(80) and height(32) are both fixed numbers,
       maybe you don't need to use a ResponsiveContainer. @ http://localhost:3000/_next/static/chunks/1d4a1_next_dist_0c466df3._.js:2287
[    1628ms] [WARNING] The width(80) and height(32) are both fixed numbers,
       maybe you don't need to use a ResponsiveContainer. @ http://localhost:3000/_next/static/chunks/1d4a1_next_dist_0c466df3._.js:2287
[    1630ms] [WARNING] The width(80) and height(32) are both fixed numbers,
       maybe you don't need to use a ResponsiveContainer. @ http://localhost:3000/_next/static/chunks/1d4a1_next_dist_0c466df3._.js:2287
[    1630ms] [WARNING] The width(80) and height(32) are both fixed numbers,
       maybe you don't need to use a ResponsiveContainer. @ http://localhost:3000/_next/static/chunks/1d4a1_next_dist_0c466df3._.js:2287
[    1632ms] [WARNING] The width(80) and height(32) are both fixed numbers,
       maybe you don't need to use a ResponsiveContainer. @ http://localhost:3000/_next/static/chunks/1d4a1_next_dist_0c466df3._.js:2287
[    1632ms] [WARNING] The width(80) and height(32) are both fixed numbers,
       maybe you don't need to use a ResponsiveContainer. @ http://localhost:3000/_next/static/chunks/1d4a1_next_dist_0c466df3._.js:2287
[    1634ms] [WARNING] The width(80) and height(32) are both fixed numbers,
       maybe you don't need to use a ResponsiveContainer. @ http://localhost:3000/_next/static/chunks/1d4a1_next_dist_0c466df3._.js:2287
[    1634ms] [WARNING] The width(80) and height(32) are both fixed numbers,
       maybe you don't need to use a ResponsiveContainer. @ http://localhost:3000/_next/static/chunks/1d4a1_next_dist_0c466df3._.js:2287
[    1635ms] [WARNING] The width(80) and height(32) are both fixed numbers,
       maybe you don't need to use a ResponsiveContainer. @ http://localhost:3000/_next/static/chunks/1d4a1_next_dist_0c466df3._.js:2287
[    1635ms] [WARNING] The width(80) and height(32) are both fixed numbers,
       maybe you don't need to use a ResponsiveContainer. @ http://localhost:3000/_next/static/chunks/1d4a1_next_dist_0c466df3._.js:2287
[    1637ms] [WARNING] The width(80) and height(32) are both fixed numbers,
       maybe you don't need to use a ResponsiveContainer. @ http://localhost:3000/_next/static/chunks/1d4a1_next_dist_0c466df3._.js:2287
[    1637ms] [WARNING] The width(80) and height(32) are both fixed numbers,
       maybe you don't need to use a ResponsiveContainer. @ http://localhost:3000/_next/static/chunks/1d4a1_next_dist_0c466df3._.js:2287
[    1638ms] [WARNING] The width(80) and height(32) are both fixed numbers,
       maybe you don't need to use a ResponsiveContainer. @ http://localhost:3000/_next/static/chunks/1d4a1_next_dist_0c466df3._.js:2287
[    1638ms] [WARNING] The width(80) and height(32) are both fixed numbers,
       maybe you don't need to use a ResponsiveContainer. @ http://localhost:3000/_next/static/chunks/1d4a1_next_dist_0c466df3._.js:2287
[    1640ms] [WARNING] The width(80) and height(32) are both fixed numbers,
       maybe you don't need to use a ResponsiveContainer. @ http://localhost:3000/_next/static/chunks/1d4a1_next_dist_0c466df3._.js:2287
[    1640ms] [WARNING] The width(80) and height(32) are both fixed numbers,
       maybe you don't need to use a ResponsiveContainer. @ http://localhost:3000/_next/static/chunks/1d4a1_next_dist_0c466df3._.js:2287
[   17925ms] [LOG] [Fast Refresh] rebuilding @ http://localhost:3000/_next/static/chunks/1d4a1_next_dist_0c466df3._.js:2287
[   17937ms] [LOG] [Fast Refresh] done in 114ms @ http://localhost:3000/_next/static/chunks/1d4a1_next_dist_0c466df3._.js:2287
