[     196ms] [INFO] %cDownload the React DevTools for a better development experience: https://react.dev/link/react-devtools font-weight:bold @ http://localhost:3000/_next/static/chunks/1d4a1_next_dist_0c466df3._.js:2287
[     209ms] [LOG] [HMR] connected @ http://localhost:3000/_next/static/chunks/1d4a1_next_dist_0c466df3._.js:2287
[     249ms] [LOG] %c[Vercel Web Analytics]%c Debug mode is enabled by default in development. No requests will be sent to the server. color: rgb(120, 120, 120) color: inherit @ http://localhost:3000/_next/static/chunks/1d4a1_next_dist_0c466df3._.js:2287
[     249ms] [LOG] %c[Vercel Web Analytics]%c Running queued event color: rgb(120, 120, 120) color: inherit pageview {route: /dashboard/overview, path: /dashboard/overview} @ http://localhost:3000/_next/static/chunks/1d4a1_next_dist_0c466df3._.js:2287
[     250ms] [LOG] %c[Vercel Web Analytics]%c [view] http://localhost:3000/dashboard/overview color: rgb(120, 120, 120) color: inherit {o: http://localhost:3000/dashboard/overview, sv: 0.1.3, sdkn: @vercel/analytics/next, sdkv: 1.3.1, ts: 1776100267476} /_vercel/insights/view @ http://localhost:3000/_next/static/chunks/1d4a1_next_dist_0c466df3._.js:2287
[     373ms] [LOG] [Fast Refresh] rebuilding @ http://localhost:3000/_next/static/chunks/1d4a1_next_dist_0c466df3._.js:2287
[     374ms] [LOG] [Fast Refresh] done in 148ms @ http://localhost:3000/_next/static/chunks/1d4a1_next_dist_0c466df3._.js:2287
[     507ms] [ERROR] Failed to load resource: the server responded with a status of 500 (Internal Server Error) @ http://localhost:3000/api/dashboard/da000000-0000-0000-0000-000000000004/market-pulse?week=2024-12-30:0
[     560ms] [ERROR] Failed to load resource: the server responded with a status of 500 (Internal Server Error) @ http://localhost:3000/api/dashboard/da000000-0000-0000-0000-000000000004/market-pulse?week=2024-12-30:0
[   33404ms] [LOG] [Fast Refresh] rebuilding @ http://localhost:3000/_next/static/chunks/1d4a1_next_dist_0c466df3._.js:2287
[   33726ms] [LOG] [Fast Refresh] done in 423ms @ http://localhost:3000/_next/static/chunks/1d4a1_next_dist_0c466df3._.js:2287
[   33827ms] [LOG] [Fast Refresh] rebuilding @ http://localhost:3000/_next/static/chunks/1d4a1_next_dist_0c466df3._.js:2287
[   33905ms] [LOG] [Fast Refresh] done in 179ms @ http://localhost:3000/_next/static/chunks/1d4a1_next_dist_0c466df3._.js:2287
[   34753ms] [LOG] [Fast Refresh] rebuilding @ http://localhost:3000/_next/static/chunks/1d4a1_next_dist_0c466df3._.js:2287
[   34785ms] [LOG] [Fast Refresh] done in 132ms @ http://localhost:3000/_next/static/chunks/1d4a1_next_dist_0c466df3._.js:2287
[   42432ms] [LOG] [Fast Refresh] rebuilding @ http://localhost:3000/_next/static/chunks/1d4a1_next_dist_0c466df3._.js:2287
[   42679ms] [LOG] [Fast Refresh] done in 348ms @ http://localhost:3000/_next/static/chunks/1d4a1_next_dist_0c466df3._.js:2287
[   42829ms] [LOG] [Fast Refresh] rebuilding @ http://localhost:3000/_next/static/chunks/1d4a1_next_dist_0c466df3._.js:2287
[   42833ms] [LOG] [Fast Refresh] done in 105ms @ http://localhost:3000/_next/static/chunks/1d4a1_next_dist_0c466df3._.js:2287
[   45596ms] [LOG] [Fast Refresh] rebuilding @ http://localhost:3000/_next/static/chunks/1d4a1_next_dist_0c466df3._.js:2287
[   45746ms] [LOG] [Fast Refresh] done in 251ms @ http://localhost:3000/_next/static/chunks/1d4a1_next_dist_0c466df3._.js:2287
