[     185ms] [INFO] %cDownload the React DevTools for a better development experience: https://react.dev/link/react-devtools font-weight:bold @ http://localhost:3000/_next/static/chunks/1d4a1_next_dist_0c466df3._.js:2287
[     202ms] [LOG] [HMR] connected @ http://localhost:3000/_next/static/chunks/1d4a1_next_dist_0c466df3._.js:2287
[     254ms] [LOG] %c[Vercel Web Analytics]%c Debug mode is enabled by default in development. No requests will be sent to the server. color: rgb(120, 120, 120) color: inherit @ http://localhost:3000/_next/static/chunks/1d4a1_next_dist_0c466df3._.js:2287
[     254ms] [LOG] %c[Vercel Web Analytics]%c Running queued event color: rgb(120, 120, 120) color: inherit pageview {route: /dashboard/overview, path: /dashboard/overview} @ http://localhost:3000/_next/static/chunks/1d4a1_next_dist_0c466df3._.js:2287
[     255ms] [LOG] %c[Vercel Web Analytics]%c [view] http://localhost:3000/dashboard/overview color: rgb(120, 120, 120) color: inherit {o: http://localhost:3000/dashboard/overview, sv: 0.1.3, sdkn: @vercel/analytics/next, sdkv: 1.3.1, ts: 1776065188354} /_vercel/insights/view @ http://localhost:3000/_next/static/chunks/1d4a1_next_dist_0c466df3._.js:2287
[     391ms] [LOG] [Fast Refresh] rebuilding @ http://localhost:3000/_next/static/chunks/1d4a1_next_dist_0c466df3._.js:2287
[     409ms] [LOG] [Fast Refresh] done in 176ms @ http://localhost:3000/_next/static/chunks/1d4a1_next_dist_0c466df3._.js:2287
[  179314ms] [WARNING] Detected `scroll-behavior: smooth` on the `<html>` element. To disable smooth scrolling during route transitions, add `data-scroll-behavior="smooth"` to your <html> element. Learn more: https://nextjs.org/docs/messages/missing-data-scroll-behavior @ http://localhost:3000/_next/static/chunks/1d4a1_next_dist_0c466df3._.js:2287
[  179320ms] [LOG] %c[Vercel Web Analytics]%c [view] http://localhost:3000/dashboard/rankings color: rgb(120, 120, 120) color: inherit {o: http://localhost:3000/dashboard/rankings, sv: 0.1.3, sdkn: @vercel/analytics/next, sdkv: 1.3.1, ts: 1776065367415} /_vercel/insights/view @ http://localhost:3000/_next/static/chunks/1d4a1_next_dist_0c466df3._.js:2287
[  228176ms] [LOG] %c[Vercel Web Analytics]%c [view] http://localhost:3000/dashboard/channel color: rgb(120, 120, 120) color: inherit {o: http://localhost:3000/dashboard/channel, sv: 0.1.3, sdkn: @vercel/analytics/next, sdkv: 1.3.1, ts: 1776065416272} /_vercel/insights/view @ http://localhost:3000/_next/static/chunks/1d4a1_next_dist_0c466df3._.js:2287
[  235291ms] [LOG] [Fast Refresh] rebuilding @ http://localhost:3000/_next/static/chunks/1d4a1_next_dist_0c466df3._.js:2287
[  235412ms] [LOG] [Fast Refresh] done in 224ms @ http://localhost:3000/_next/static/chunks/1d4a1_next_dist_0c466df3._.js:2287
[  276810ms] [LOG] %c[Vercel Web Analytics]%c [view] http://localhost:3000/dashboard/content color: rgb(120, 120, 120) color: inherit {o: http://localhost:3000/dashboard/content, sv: 0.1.3, sdkn: @vercel/analytics/next, sdkv: 1.3.1, ts: 1776065464906} /_vercel/insights/view @ http://localhost:3000/_next/static/chunks/1d4a1_next_dist_0c466df3._.js:2287
[  412314ms] [LOG] %c[Vercel Web Analytics]%c [view] http://localhost:3000/dashboard/benchmark color: rgb(120, 120, 120) color: inherit {o: http://localhost:3000/dashboard/benchmark, sv: 0.1.3, sdkn: @vercel/analytics/next, sdkv: 1.3.1, ts: 1776065600406} /_vercel/insights/view @ http://localhost:3000/_next/static/chunks/1d4a1_next_dist_0c466df3._.js:2287
[  419356ms] [LOG] [Fast Refresh] rebuilding @ http://localhost:3000/_next/static/chunks/1d4a1_next_dist_0c466df3._.js:2287
[  419356ms] [LOG] [Fast Refresh] done in 102ms @ http://localhost:3000/_next/static/chunks/1d4a1_next_dist_0c466df3._.js:2287
[  544505ms] [LOG] %c[Vercel Web Analytics]%c [view] http://localhost:3000/dashboard/trends color: rgb(120, 120, 120) color: inherit {o: http://localhost:3000/dashboard/trends, sv: 0.1.3, sdkn: @vercel/analytics/next, sdkv: 1.3.1, ts: 1776065732601} /_vercel/insights/view @ http://localhost:3000/_next/static/chunks/1d4a1_next_dist_0c466df3._.js:2287
[  546534ms] [LOG] [Fast Refresh] rebuilding @ http://localhost:3000/_next/static/chunks/1d4a1_next_dist_0c466df3._.js:2287
[  546614ms] [LOG] [Fast Refresh] done in 180ms @ http://localhost:3000/_next/static/chunks/1d4a1_next_dist_0c466df3._.js:2287
[ 2087253ms] [LOG] [Fast Refresh] rebuilding @ http://localhost:3000/_next/static/chunks/1d4a1_next_dist_0c466df3._.js:2287
[ 2087526ms] [LOG] [Fast Refresh] done in 354ms @ http://localhost:3000/_next/static/chunks/1d4a1_next_dist_0c466df3._.js:2287
