[     599ms] [INFO] %cDownload the React DevTools for a better development experience: https://react.dev/link/react-devtools font-weight:bold @ http://localhost:3000/_next/static/chunks/1d4a1_next_dist_0c466df3._.js:2287
[     648ms] [LOG] [HMR] connected @ http://localhost:3000/_next/static/chunks/1d4a1_next_dist_0c466df3._.js:2287
[     711ms] [LOG] %c[Vercel Web Analytics]%c Debug mode is enabled by default in development. No requests will be sent to the server. color: rgb(120, 120, 120) color: inherit @ http://localhost:3000/_next/static/chunks/1d4a1_next_dist_0c466df3._.js:2287
[     712ms] [LOG] %c[Vercel Web Analytics]%c Running queued event color: rgb(120, 120, 120) color: inherit pageview {route: /dashboard/benchmark, path: /dashboard/benchmark} @ http://localhost:3000/_next/static/chunks/1d4a1_next_dist_0c466df3._.js:2287
[     712ms] [LOG] %c[Vercel Web Analytics]%c [view] http://localhost:3000/dashboard/benchmark color: rgb(120, 120, 120) color: inherit {o: http://localhost:3000/dashboard/benchmark, sv: 0.1.3, sdkn: @vercel/analytics/next, sdkv: 1.3.1, ts: 1776017079350} /_vercel/insights/view @ http://localhost:3000/_next/static/chunks/1d4a1_next_dist_0c466df3._.js:2287
[     798ms] [LOG] [Fast Refresh] rebuilding @ http://localhost:3000/_next/static/chunks/1d4a1_next_dist_0c466df3._.js:2287
[     877ms] [ERROR] Failed to load resource: the server responded with a status of 404 (Not Found) @ http://localhost:3000/favicon.ico:0
[     879ms] [LOG] [Fast Refresh] done in 193ms @ http://localhost:3000/_next/static/chunks/1d4a1_next_dist_0c466df3._.js:2287
[   11180ms] [LOG] [Fast Refresh] rebuilding @ http://localhost:3000/_next/static/chunks/1d4a1_next_dist_0c466df3._.js:2287
[   11295ms] [LOG] [Fast Refresh] done in 216ms @ http://localhost:3000/_next/static/chunks/1d4a1_next_dist_0c466df3._.js:2287
[   84168ms] [LOG] [Fast Refresh] rebuilding @ http://localhost:3000/_next/static/chunks/1d4a1_next_dist_0c466df3._.js:2287
[   84185ms] [LOG] [Fast Refresh] done in 118ms @ http://localhost:3000/_next/static/chunks/1d4a1_next_dist_0c466df3._.js:2287
[   91576ms] [LOG] [Fast Refresh] rebuilding @ http://localhost:3000/_next/static/chunks/1d4a1_next_dist_0c466df3._.js:2287
[   91622ms] [ERROR] ./app/api/dashboard/[groupId]/overview/route.ts:100:10
Parsing ecmascript source code failed
   98 |           success: true,
   99 |           data: { week: null, kpis: null, sov: [], network_breakdown: [], insights: [],
> 100 |         });
      |          ^
  101 |       }
  102 |       const w = weekRows.rows[0]!;
  103 |       weekStart = w.week_start;

Expected ',', got ')' @ http://localhost:3000/_next/static/chunks/1d4a1_next_dist_0c466df3._.js:3117
[   91622ms] [ERROR] ./app/api/dashboard/[groupId]/overview/route.ts
Code generation for chunk item errored
An error occurred while generating the chunk item [project]/app/api/dashboard/[groupId]/overview/route.ts [app-route] (ecmascript)

Caused by:
- CJS module can't be async.

Debug info:
- An error occurred while generating the chunk item [project]/app/api/dashboard/[groupId]/overview/route.ts [app-route] (ecmascript)
- Execution of <ModuleChunkItem as EcmascriptChunkItem>::content_with_async_module_info failed
- Execution of EcmascriptChunkItemContent::new failed
- CJS module can't be async. @ http://localhost:3000/_next/static/chunks/1d4a1_next_dist_0c466df3._.js:3117
[   91771ms] [LOG] [Fast Refresh] rebuilding @ http://localhost:3000/_next/static/chunks/1d4a1_next_dist_0c466df3._.js:2287
[   92480ms] [ERROR] ./app/api/dashboard/[groupId]/overview/route.ts:100:10
Parsing ecmascript source code failed
   98 |           success: true,
   99 |           data: { week: null, kpis: null, sov: [], network_breakdown: [], insights: [],
> 100 |         });
      |          ^
  101 |       }
  102 |       const w = weekRows.rows[0]!;
  103 |       weekStart = w.week_start;

Expected ',', got ')' @ http://localhost:3000/_next/static/chunks/1d4a1_next_dist_0c466df3._.js:3117
[   92480ms] [ERROR] ./app/api/dashboard/[groupId]/overview/route.ts
Code generation for chunk item errored
An error occurred while generating the chunk item [project]/app/api/dashboard/[groupId]/overview/route.ts [app-route] (ecmascript)

Caused by:
- CJS module can't be async.

Debug info:
- An error occurred while generating the chunk item [project]/app/api/dashboard/[groupId]/overview/route.ts [app-route] (ecmascript)
- Execution of <ModuleChunkItem as EcmascriptChunkItem>::content_with_async_module_info failed
- Execution of EcmascriptChunkItemContent::new failed
- CJS module can't be async. @ http://localhost:3000/_next/static/chunks/1d4a1_next_dist_0c466df3._.js:3117
[   92582ms] [LOG] [Fast Refresh] rebuilding @ http://localhost:3000/_next/static/chunks/1d4a1_next_dist_0c466df3._.js:2287
[   92614ms] [ERROR] ./app/api/dashboard/[groupId]/overview/route.ts:100:10
Parsing ecmascript source code failed
   98 |           success: true,
   99 |           data: { week: null, kpis: null, sov: [], network_breakdown: [], insights: [],
> 100 |         });
      |          ^
  101 |       }
  102 |       const w = weekRows.rows[0]!;
  103 |       weekStart = w.week_start;

Expected ',', got ')' @ http://localhost:3000/_next/static/chunks/1d4a1_next_dist_0c466df3._.js:3117
[   92614ms] [ERROR] ./app/api/dashboard/[groupId]/overview/route.ts
Code generation for chunk item errored
An error occurred while generating the chunk item [project]/app/api/dashboard/[groupId]/overview/route.ts [app-route] (ecmascript)

Caused by:
- CJS module can't be async.

Debug info:
- An error occurred while generating the chunk item [project]/app/api/dashboard/[groupId]/overview/route.ts [app-route] (ecmascript)
- Execution of <ModuleChunkItem as EcmascriptChunkItem>::content_with_async_module_info failed
- Execution of EcmascriptChunkItemContent::new failed
- CJS module can't be async. @ http://localhost:3000/_next/static/chunks/1d4a1_next_dist_0c466df3._.js:3117
[   92721ms] [LOG] [Fast Refresh] rebuilding @ http://localhost:3000/_next/static/chunks/1d4a1_next_dist_0c466df3._.js:2287
[   92954ms] [ERROR] ./app/api/dashboard/[groupId]/overview/route.ts:100:10
Parsing ecmascript source code failed
   98 |           success: true,
   99 |           data: { week: null, kpis: null, sov: [], network_breakdown: [], insights: [],
> 100 |         });
      |          ^
  101 |       }
  102 |       const w = weekRows.rows[0]!;
  103 |       weekStart = w.week_start;

Expected ',', got ')' @ http://localhost:3000/_next/static/chunks/1d4a1_next_dist_0c466df3._.js:3117
[   92954ms] [ERROR] ./app/api/dashboard/[groupId]/overview/route.ts
Code generation for chunk item errored
An error occurred while generating the chunk item [project]/app/api/dashboard/[groupId]/overview/route.ts [app-route] (ecmascript)

Caused by:
- CJS module can't be async.

Debug info:
- An error occurred while generating the chunk item [project]/app/api/dashboard/[groupId]/overview/route.ts [app-route] (ecmascript)
- Execution of <ModuleChunkItem as EcmascriptChunkItem>::content_with_async_module_info failed
- Execution of EcmascriptChunkItemContent::new failed
- CJS module can't be async. @ http://localhost:3000/_next/static/chunks/1d4a1_next_dist_0c466df3._.js:3117
[   93124ms] [ERROR] ./app/api/dashboard/[groupId]/overview/route.ts:100:10
Parsing ecmascript source code failed
   98 |           success: true,
   99 |           data: { week: null, kpis: null, sov: [], network_breakdown: [], insights: [],
> 100 |         });
      |          ^
  101 |       }
  102 |       const w = weekRows.rows[0]!;
  103 |       weekStart = w.week_start;

Expected ',', got ')' @ http://localhost:3000/_next/static/chunks/1d4a1_next_dist_0c466df3._.js:3117
[   93125ms] [ERROR] ./app/api/dashboard/[groupId]/overview/route.ts
Code generation for chunk item errored
An error occurred while generating the chunk item [project]/app/api/dashboard/[groupId]/overview/route.ts [app-route] (ecmascript)

Caused by:
- CJS module can't be async.

Debug info:
- An error occurred while generating the chunk item [project]/app/api/dashboard/[groupId]/overview/route.ts [app-route] (ecmascript)
- Execution of <ModuleChunkItem as EcmascriptChunkItem>::content_with_async_module_info failed
- Execution of EcmascriptChunkItemContent::new failed
- CJS module can't be async. @ http://localhost:3000/_next/static/chunks/1d4a1_next_dist_0c466df3._.js:3117
[   93177ms] [LOG] [Fast Refresh] rebuilding @ http://localhost:3000/_next/static/chunks/1d4a1_next_dist_0c466df3._.js:2287
[   98660ms] [LOG] [Fast Refresh] rebuilding @ http://localhost:3000/_next/static/chunks/1d4a1_next_dist_0c466df3._.js:2287
[   98686ms] [ERROR] ./app/api/dashboard/[groupId]/overview/route.ts:100:10
Parsing ecmascript source code failed
   98 |           success: true,
   99 |           data: { week: null, kpis: null, sov: [], network_breakdown: [], insights: [],
> 100 |         });
      |          ^
  101 |       }
  102 |       const w = weekRows.rows[0]!;
  103 |       weekStart = w.week_start;

Expected ',', got ')' @ http://localhost:3000/_next/static/chunks/1d4a1_next_dist_0c466df3._.js:3117
[   98686ms] [ERROR] ./app/api/dashboard/[groupId]/overview/route.ts
Code generation for chunk item errored
An error occurred while generating the chunk item [project]/app/api/dashboard/[groupId]/overview/route.ts [app-route] (ecmascript)

Caused by:
- CJS module can't be async.

Debug info:
- An error occurred while generating the chunk item [project]/app/api/dashboard/[groupId]/overview/route.ts [app-route] (ecmascript)
- Execution of <ModuleChunkItem as EcmascriptChunkItem>::content_with_async_module_info failed
- Execution of EcmascriptChunkItemContent::new failed
- CJS module can't be async. @ http://localhost:3000/_next/static/chunks/1d4a1_next_dist_0c466df3._.js:3117
[   98854ms] [ERROR] ./app/api/dashboard/[groupId]/overview/route.ts:100:10
Parsing ecmascript source code failed
   98 |           success: true,
   99 |           data: { week: null, kpis: null, sov: [], network_breakdown: [], insights: [],
> 100 |         });
      |          ^
  101 |       }
  102 |       const w = weekRows.rows[0]!;
  103 |       weekStart = w.week_start;

Expected ',', got ')' @ http://localhost:3000/_next/static/chunks/1d4a1_next_dist_0c466df3._.js:3117
[   98854ms] [ERROR] ./app/api/dashboard/[groupId]/overview/route.ts
Code generation for chunk item errored
An error occurred while generating the chunk item [project]/app/api/dashboard/[groupId]/overview/route.ts [app-route] (ecmascript)

Caused by:
- CJS module can't be async.

Debug info:
- An error occurred while generating the chunk item [project]/app/api/dashboard/[groupId]/overview/route.ts [app-route] (ecmascript)
- Execution of <ModuleChunkItem as EcmascriptChunkItem>::content_with_async_module_info failed
- Execution of EcmascriptChunkItemContent::new failed
- CJS module can't be async. @ http://localhost:3000/_next/static/chunks/1d4a1_next_dist_0c466df3._.js:3117
[   98870ms] [LOG] [Fast Refresh] rebuilding @ http://localhost:3000/_next/static/chunks/1d4a1_next_dist_0c466df3._.js:2287
[   99135ms] [ERROR] ./app/api/dashboard/[groupId]/overview/route.ts:100:10
Parsing ecmascript source code failed
   98 |           success: true,
   99 |           data: { week: null, kpis: null, sov: [], network_breakdown: [], insights: [],
> 100 |         });
      |          ^
  101 |       }
  102 |       const w = weekRows.rows[0]!;
  103 |       weekStart = w.week_start;

Expected ',', got ')' @ http://localhost:3000/_next/static/chunks/1d4a1_next_dist_0c466df3._.js:3117
[   99136ms] [ERROR] ./app/api/dashboard/[groupId]/overview/route.ts
Code generation for chunk item errored
An error occurred while generating the chunk item [project]/app/api/dashboard/[groupId]/overview/route.ts [app-route] (ecmascript)

Caused by:
- CJS module can't be async.

Debug info:
- An error occurred while generating the chunk item [project]/app/api/dashboard/[groupId]/overview/route.ts [app-route] (ecmascript)
- Execution of <ModuleChunkItem as EcmascriptChunkItem>::content_with_async_module_info failed
- Execution of EcmascriptChunkItemContent::new failed
- CJS module can't be async. @ http://localhost:3000/_next/static/chunks/1d4a1_next_dist_0c466df3._.js:3117
[   99200ms] [LOG] [Fast Refresh] rebuilding @ http://localhost:3000/_next/static/chunks/1d4a1_next_dist_0c466df3._.js:2287
[   99459ms] [ERROR] ./app/api/dashboard/[groupId]/overview/route.ts:100:10
Parsing ecmascript source code failed
   98 |           success: true,
   99 |           data: { week: null, kpis: null, sov: [], network_breakdown: [], insights: [],
> 100 |         });
      |          ^
  101 |       }
  102 |       const w = weekRows.rows[0]!;
  103 |       weekStart = w.week_start;

Expected ',', got ')' @ http://localhost:3000/_next/static/chunks/1d4a1_next_dist_0c466df3._.js:3117
[   99459ms] [ERROR] ./app/api/dashboard/[groupId]/overview/route.ts
Code generation for chunk item errored
An error occurred while generating the chunk item [project]/app/api/dashboard/[groupId]/overview/route.ts [app-route] (ecmascript)

Caused by:
- CJS module can't be async.

Debug info:
- An error occurred while generating the chunk item [project]/app/api/dashboard/[groupId]/overview/route.ts [app-route] (ecmascript)
- Execution of <ModuleChunkItem as EcmascriptChunkItem>::content_with_async_module_info failed
- Execution of EcmascriptChunkItemContent::new failed
- CJS module can't be async. @ http://localhost:3000/_next/static/chunks/1d4a1_next_dist_0c466df3._.js:3117
[   99512ms] [LOG] [Fast Refresh] rebuilding @ http://localhost:3000/_next/static/chunks/1d4a1_next_dist_0c466df3._.js:2287
[  110953ms] [ERROR] WebSocket connection to 'ws://localhost:3000/_next/webpack-hmr?id=AvzLfO9xIy8mcs4VHtHrA' failed:  @ http://localhost:3000/_next/static/chunks/1d4a1_next_dist_client_2cb92f85._.js:10116
[  111959ms] [ERROR] WebSocket connection to 'ws://localhost:3000/_next/webpack-hmr?id=AvzLfO9xIy8mcs4VHtHrA' failed: Error in connection establishment: net::ERR_CONNECTION_REFUSED @ http://localhost:3000/_next/static/chunks/1d4a1_next_dist_client_2cb92f85._.js:10116
[  112961ms] [ERROR] WebSocket connection to 'ws://localhost:3000/_next/webpack-hmr?id=AvzLfO9xIy8mcs4VHtHrA' failed: Error in connection establishment: net::ERR_CONNECTION_REFUSED @ http://localhost:3000/_next/static/chunks/1d4a1_next_dist_client_2cb92f85._.js:10116
[  113964ms] [ERROR] WebSocket connection to 'ws://localhost:3000/_next/webpack-hmr?id=AvzLfO9xIy8mcs4VHtHrA' failed: Error in connection establishment: net::ERR_CONNECTION_REFUSED @ http://localhost:3000/_next/static/chunks/1d4a1_next_dist_client_2cb92f85._.js:10116
[  114967ms] [ERROR] WebSocket connection to 'ws://localhost:3000/_next/webpack-hmr?id=AvzLfO9xIy8mcs4VHtHrA' failed: Error in connection establishment: net::ERR_CONNECTION_REFUSED @ http://localhost:3000/_next/static/chunks/1d4a1_next_dist_client_2cb92f85._.js:10116
[  115972ms] [ERROR] WebSocket connection to 'ws://localhost:3000/_next/webpack-hmr?id=AvzLfO9xIy8mcs4VHtHrA' failed: Error in connection establishment: net::ERR_CONNECTION_REFUSED @ http://localhost:3000/_next/static/chunks/1d4a1_next_dist_client_2cb92f85._.js:10116
[  120978ms] [ERROR] WebSocket connection to 'ws://localhost:3000/_next/webpack-hmr?id=AvzLfO9xIy8mcs4VHtHrA' failed: Error in connection establishment: net::ERR_CONNECTION_REFUSED @ http://localhost:3000/_next/static/chunks/1d4a1_next_dist_client_2cb92f85._.js:10116
[  125987ms] [ERROR] WebSocket connection to 'ws://localhost:3000/_next/webpack-hmr?id=AvzLfO9xIy8mcs4VHtHrA' failed: Error in connection establishment: net::ERR_CONNECTION_REFUSED @ http://localhost:3000/_next/static/chunks/1d4a1_next_dist_client_2cb92f85._.js:10116
[  131004ms] [LOG] [HMR] connected @ http://localhost:3000/_next/static/chunks/1d4a1_next_dist_0c466df3._.js:2287
[  134416ms] [INFO] %cDownload the React DevTools for a better development experience: https://react.dev/link/react-devtools font-weight:bold @ http://localhost:3000/_next/static/chunks/1d4a1_next_dist_0c466df3._.js:2287
[  134452ms] [LOG] [HMR] connected @ http://localhost:3000/_next/static/chunks/1d4a1_next_dist_0c466df3._.js:2287
[  135519ms] [LOG] [Fast Refresh] rebuilding @ http://localhost:3000/_next/static/chunks/1d4a1_next_dist_0c466df3._.js:2287
[  135769ms] [LOG] [Fast Refresh] done in 352ms @ http://localhost:3000/_next/static/chunks/1d4a1_next_dist_0c466df3._.js:2287
[  136125ms] [LOG] [Fast Refresh] rebuilding @ http://localhost:3000/_next/static/chunks/1d4a1_next_dist_0c466df3._.js:2287
[  136444ms] [LOG] %c[Vercel Web Analytics]%c Debug mode is enabled by default in development. No requests will be sent to the server. color: rgb(120, 120, 120) color: inherit @ http://localhost:3000/_next/static/chunks/1d4a1_next_dist_0c466df3._.js:2287
[  136444ms] [LOG] %c[Vercel Web Analytics]%c Running queued event color: rgb(120, 120, 120) color: inherit pageview {route: /dashboard/benchmark, path: /dashboard/benchmark} @ http://localhost:3000/_next/static/chunks/1d4a1_next_dist_0c466df3._.js:2287
[  136444ms] [LOG] %c[Vercel Web Analytics]%c [view] http://localhost:3000/dashboard/benchmark color: rgb(120, 120, 120) color: inherit {o: http://localhost:3000/dashboard/benchmark, sv: 0.1.3, sdkn: @vercel/analytics/next, sdkv: 1.3.1, ts: 1776017215083} /_vercel/insights/view @ http://localhost:3000/_next/static/chunks/1d4a1_next_dist_0c466df3._.js:2287
[  139613ms] [LOG] [Fast Refresh] done in 3588ms @ http://localhost:3000/_next/static/chunks/1d4a1_next_dist_0c466df3._.js:2287
[  141062ms] [LOG] [Fast Refresh] rebuilding @ http://localhost:3000/_next/static/chunks/1d4a1_next_dist_0c466df3._.js:2287
[  146424ms] [ERROR] ./app/api/dashboard/[groupId]/overview/route.ts:100:10
Parsing ecmascript source code failed
   98 |           success: true,
   99 |           data: { week: null, kpis: null, sov: [], network_breakdown: [], insights: [],
> 100 |         });
      |          ^
  101 |       }
  102 |       const w = weekRows.rows[0]!;
  103 |       weekStart = w.week_start;

Expected ',', got ')' @ http://localhost:3000/_next/static/chunks/1d4a1_next_dist_0c466df3._.js:3117
[  146737ms] [ERROR] ./app/api/dashboard/[groupId]/overview/route.ts:100:10
Parsing ecmascript source code failed
   98 |           success: true,
   99 |           data: { week: null, kpis: null, sov: [], network_breakdown: [], insights: [],
> 100 |         });
      |          ^
  101 |       }
  102 |       const w = weekRows.rows[0]!;
  103 |       weekStart = w.week_start;

Expected ',', got ')' @ http://localhost:3000/_next/static/chunks/1d4a1_next_dist_0c466df3._.js:3117
[  146840ms] [LOG] [Fast Refresh] rebuilding @ http://localhost:3000/_next/static/chunks/1d4a1_next_dist_0c466df3._.js:2287
[  148850ms] [ERROR] ./app/api/dashboard/[groupId]/overview/route.ts:100:10
Parsing ecmascript source code failed
   98 |           success: true,
   99 |           data: { week: null, kpis: null, sov: [], network_breakdown: [], insights: [],
> 100 |         });
      |          ^
  101 |       }
  102 |       const w = weekRows.rows[0]!;
  103 |       weekStart = w.week_start;

Expected ',', got ')' @ http://localhost:3000/_next/static/chunks/1d4a1_next_dist_0c466df3._.js:3117
[  148964ms] [LOG] [Fast Refresh] rebuilding @ http://localhost:3000/_next/static/chunks/1d4a1_next_dist_0c466df3._.js:2287
[  149960ms] [ERROR] ./app/api/dashboard/[groupId]/overview/route.ts:100:10
Parsing ecmascript source code failed
   98 |           success: true,
   99 |           data: { week: null, kpis: null, sov: [], network_breakdown: [], insights: [],
> 100 |         });
      |          ^
  101 |       }
  102 |       const w = weekRows.rows[0]!;
  103 |       weekStart = w.week_start;

Expected ',', got ')' @ http://localhost:3000/_next/static/chunks/1d4a1_next_dist_0c466df3._.js:3117
[  150203ms] [ERROR] Failed to load resource: the server responded with a status of 500 (Internal Server Error) @ http://localhost:3000/api/dashboard/da000000-0000-0000-0000-000000000004/benchmark?week=2024-12-30:0
[  150432ms] [LOG] [Fast Refresh] rebuilding @ http://localhost:3000/_next/static/chunks/1d4a1_next_dist_0c466df3._.js:2287
[  150451ms] [ERROR] ./app/api/dashboard/[groupId]/overview/route.ts:100:10
Parsing ecmascript source code failed
   98 |           success: true,
   99 |           data: { week: null, kpis: null, sov: [], network_breakdown: [], insights: [],
> 100 |         });
      |          ^
  101 |       }
  102 |       const w = weekRows.rows[0]!;
  103 |       weekStart = w.week_start;

Expected ',', got ')' @ http://localhost:3000/_next/static/chunks/1d4a1_next_dist_0c466df3._.js:3117
[  150454ms] [ERROR] Failed to load resource: the server responded with a status of 500 (Internal Server Error) @ http://localhost:3000/api/dashboard/da000000-0000-0000-0000-000000000004/benchmark?week=2024-12-30:0
[  150563ms] [LOG] [Fast Refresh] rebuilding @ http://localhost:3000/_next/static/chunks/1d4a1_next_dist_0c466df3._.js:2287
[  150664ms] [ERROR] ./app/api/dashboard/[groupId]/overview/route.ts:100:10
Parsing ecmascript source code failed
   98 |           success: true,
   99 |           data: { week: null, kpis: null, sov: [], network_breakdown: [], insights: [],
> 100 |         });
      |          ^
  101 |       }
  102 |       const w = weekRows.rows[0]!;
  103 |       weekStart = w.week_start;

Expected ',', got ')' @ http://localhost:3000/_next/static/chunks/1d4a1_next_dist_0c466df3._.js:3117
[  150743ms] [ERROR] ./app/api/dashboard/[groupId]/overview/route.ts:100:10
Parsing ecmascript source code failed
   98 |           success: true,
   99 |           data: { week: null, kpis: null, sov: [], network_breakdown: [], insights: [],
> 100 |         });
      |          ^
  101 |       }
  102 |       const w = weekRows.rows[0]!;
  103 |       weekStart = w.week_start;

Expected ',', got ')' @ http://localhost:3000/_next/static/chunks/1d4a1_next_dist_0c466df3._.js:3117
[  150770ms] [LOG] [Fast Refresh] rebuilding @ http://localhost:3000/_next/static/chunks/1d4a1_next_dist_0c466df3._.js:2287
[  150944ms] [ERROR] ./app/api/dashboard/[groupId]/overview/route.ts:100:10
Parsing ecmascript source code failed
   98 |           success: true,
   99 |           data: { week: null, kpis: null, sov: [], network_breakdown: [], insights: [],
> 100 |         });
      |          ^
  101 |       }
  102 |       const w = weekRows.rows[0]!;
  103 |       weekStart = w.week_start;

Expected ',', got ')' @ http://localhost:3000/_next/static/chunks/1d4a1_next_dist_0c466df3._.js:3117
[  150991ms] [ERROR] ./app/api/dashboard/[groupId]/overview/route.ts:100:10
Parsing ecmascript source code failed
   98 |           success: true,
   99 |           data: { week: null, kpis: null, sov: [], network_breakdown: [], insights: [],
> 100 |         });
      |          ^
  101 |       }
  102 |       const w = weekRows.rows[0]!;
  103 |       weekStart = w.week_start;

Expected ',', got ')' @ http://localhost:3000/_next/static/chunks/1d4a1_next_dist_0c466df3._.js:3117
[  151050ms] [LOG] [Fast Refresh] rebuilding @ http://localhost:3000/_next/static/chunks/1d4a1_next_dist_0c466df3._.js:2287
[  151181ms] [LOG] [Fast Refresh] rebuilding @ http://localhost:3000/_next/static/chunks/1d4a1_next_dist_0c466df3._.js:2287
[  151253ms] [ERROR] ./app/api/dashboard/[groupId]/overview/route.ts:100:10
Parsing ecmascript source code failed
   98 |           success: true,
   99 |           data: { week: null, kpis: null, sov: [], network_breakdown: [], insights: [],
> 100 |         });
      |          ^
  101 |       }
  102 |       const w = weekRows.rows[0]!;
  103 |       weekStart = w.week_start;

Expected ',', got ')' @ http://localhost:3000/_next/static/chunks/1d4a1_next_dist_0c466df3._.js:3117
[  161903ms] [ERROR] ./app/api/dashboard/[groupId]/overview/route.ts:100:10
Parsing ecmascript source code failed
   98 |           success: true,
   99 |           data: { week: null, kpis: null, sov: [], network_breakdown: [], insights: [],
> 100 |         });
      |          ^
  101 |       }
  102 |       const w = weekRows.rows[0]!;
  103 |       weekStart = w.week_start;

Expected ',', got ')' @ http://localhost:3000/_next/static/chunks/1d4a1_next_dist_0c466df3._.js:3117
[  161953ms] [LOG] [Fast Refresh] rebuilding @ http://localhost:3000/_next/static/chunks/1d4a1_next_dist_0c466df3._.js:2287
[  162051ms] [ERROR] ./app/api/dashboard/[groupId]/overview/route.ts:100:10
Parsing ecmascript source code failed
   98 |           success: true,
   99 |           data: { week: null, kpis: null, sov: [], network_breakdown: [], insights: [],
> 100 |         });
      |          ^
  101 |       }
  102 |       const w = weekRows.rows[0]!;
  103 |       weekStart = w.week_start;

Expected ',', got ')' @ http://localhost:3000/_next/static/chunks/1d4a1_next_dist_0c466df3._.js:3117
[  162100ms] [LOG] [Fast Refresh] rebuilding @ http://localhost:3000/_next/static/chunks/1d4a1_next_dist_0c466df3._.js:2287
[  164298ms] [LOG] [Fast Refresh] rebuilding @ http://localhost:3000/_next/static/chunks/1d4a1_next_dist_0c466df3._.js:2287
[  164482ms] [ERROR] ./app/api/dashboard/[groupId]/overview/route.ts:100:10
Parsing ecmascript source code failed
   98 |           success: true,
   99 |           data: { week: null, kpis: null, sov: [], network_breakdown: [], insights: [],
> 100 |         });
      |          ^
  101 |       }
  102 |       const w = weekRows.rows[0]!;
  103 |       weekStart = w.week_start;

Expected ',', got ')' @ http://localhost:3000/_next/static/chunks/1d4a1_next_dist_0c466df3._.js:3117
[  192863ms] [ERROR] ./app/api/dashboard/[groupId]/overview/route.ts:100:10
Parsing ecmascript source code failed
   98 |           success: true,
   99 |           data: { week: null, kpis: null, sov: [], network_breakdown: [], insights: [],
> 100 |         });
      |          ^
  101 |       }
  102 |       const w = weekRows.rows[0]!;
  103 |       weekStart = w.week_start;

Expected ',', got ')' @ http://localhost:3000/_next/static/chunks/1d4a1_next_dist_0c466df3._.js:3117
[  192918ms] [LOG] [Fast Refresh] rebuilding @ http://localhost:3000/_next/static/chunks/1d4a1_next_dist_0c466df3._.js:2287
[  193040ms] [ERROR] ./app/api/dashboard/[groupId]/overview/route.ts:100:10
Parsing ecmascript source code failed
   98 |           success: true,
   99 |           data: { week: null, kpis: null, sov: [], network_breakdown: [], insights: [],
> 100 |         });
      |          ^
  101 |       }
  102 |       const w = weekRows.rows[0]!;
  103 |       weekStart = w.week_start;

Expected ',', got ')' @ http://localhost:3000/_next/static/chunks/1d4a1_next_dist_0c466df3._.js:3117
[  193092ms] [LOG] [Fast Refresh] rebuilding @ http://localhost:3000/_next/static/chunks/1d4a1_next_dist_0c466df3._.js:2287
[  195908ms] [LOG] [Fast Refresh] rebuilding @ http://localhost:3000/_next/static/chunks/1d4a1_next_dist_0c466df3._.js:2287
[  195934ms] [ERROR] ./app/api/dashboard/[groupId]/overview/route.ts:100:10
Parsing ecmascript source code failed
   98 |           success: true,
   99 |           data: { week: null, kpis: null, sov: [], network_breakdown: [], insights: [],
> 100 |         });
      |          ^
  101 |       }
  102 |       const w = weekRows.rows[0]!;
  103 |       weekStart = w.week_start;

Expected ',', got ')' @ http://localhost:3000/_next/static/chunks/1d4a1_next_dist_0c466df3._.js:3117
[  223910ms] [ERROR] ./app/api/dashboard/[groupId]/overview/route.ts:100:10
Parsing ecmascript source code failed
   98 |           success: true,
   99 |           data: { week: null, kpis: null, sov: [], network_breakdown: [], insights: [],
> 100 |         });
      |          ^
  101 |       }
  102 |       const w = weekRows.rows[0]!;
  103 |       weekStart = w.week_start;

Expected ',', got ')' @ http://localhost:3000/_next/static/chunks/1d4a1_next_dist_0c466df3._.js:3117
[  223957ms] [LOG] [Fast Refresh] rebuilding @ http://localhost:3000/_next/static/chunks/1d4a1_next_dist_0c466df3._.js:2287
[  224048ms] [ERROR] ./app/api/dashboard/[groupId]/overview/route.ts:100:10
Parsing ecmascript source code failed
   98 |           success: true,
   99 |           data: { week: null, kpis: null, sov: [], network_breakdown: [], insights: [],
> 100 |         });
      |          ^
  101 |       }
  102 |       const w = weekRows.rows[0]!;
  103 |       weekStart = w.week_start;

Expected ',', got ')' @ http://localhost:3000/_next/static/chunks/1d4a1_next_dist_0c466df3._.js:3117
[  224101ms] [LOG] [Fast Refresh] rebuilding @ http://localhost:3000/_next/static/chunks/1d4a1_next_dist_0c466df3._.js:2287
[  252983ms] [LOG] [Fast Refresh] rebuilding @ http://localhost:3000/_next/static/chunks/1d4a1_next_dist_0c466df3._.js:2287
[  252987ms] [ERROR] ./app/api/dashboard/[groupId]/overview/route.ts:100:10
Parsing ecmascript source code failed
   98 |           success: true,
   99 |           data: { week: null, kpis: null, sov: [], network_breakdown: [], insights: [],
> 100 |         });
      |          ^
  101 |       }
  102 |       const w = weekRows.rows[0]!;
  103 |       weekStart = w.week_start;

Expected ',', got ')' @ http://localhost:3000/_next/static/chunks/1d4a1_next_dist_0c466df3._.js:3117
[  254936ms] [ERROR] ./app/api/dashboard/[groupId]/overview/route.ts:100:10
Parsing ecmascript source code failed
   98 |           success: true,
   99 |           data: { week: null, kpis: null, sov: [], network_breakdown: [], insights: [],
> 100 |         });
      |          ^
  101 |       }
  102 |       const w = weekRows.rows[0]!;
  103 |       weekStart = w.week_start;

Expected ',', got ')' @ http://localhost:3000/_next/static/chunks/1d4a1_next_dist_0c466df3._.js:3117
[  254992ms] [LOG] [Fast Refresh] rebuilding @ http://localhost:3000/_next/static/chunks/1d4a1_next_dist_0c466df3._.js:2287
[  255057ms] [ERROR] ./app/api/dashboard/[groupId]/overview/route.ts:100:10
Parsing ecmascript source code failed
   98 |           success: true,
   99 |           data: { week: null, kpis: null, sov: [], network_breakdown: [], insights: [],
> 100 |         });
      |          ^
  101 |       }
  102 |       const w = weekRows.rows[0]!;
  103 |       weekStart = w.week_start;

Expected ',', got ')' @ http://localhost:3000/_next/static/chunks/1d4a1_next_dist_0c466df3._.js:3117
[  255113ms] [LOG] [Fast Refresh] rebuilding @ http://localhost:3000/_next/static/chunks/1d4a1_next_dist_0c466df3._.js:2287
[  255308ms] [LOG] [Fast Refresh] rebuilding @ http://localhost:3000/_next/static/chunks/1d4a1_next_dist_0c466df3._.js:2287
[  255445ms] [ERROR] ./app/api/dashboard/[groupId]/overview/route.ts:100:10
Parsing ecmascript source code failed
   98 |           success: true,
   99 |           data: { week: null, kpis: null, sov: [], network_breakdown: [], insights: [],
> 100 |         });
      |          ^
  101 |       }
  102 |       const w = weekRows.rows[0]!;
  103 |       weekStart = w.week_start;

Expected ',', got ')' @ http://localhost:3000/_next/static/chunks/1d4a1_next_dist_0c466df3._.js:3117
[  255496ms] [ERROR] ./app/api/dashboard/[groupId]/overview/route.ts:100:10
Parsing ecmascript source code failed
   98 |           success: true,
   99 |           data: { week: null, kpis: null, sov: [], network_breakdown: [], insights: [],
> 100 |         });
      |          ^
  101 |       }
  102 |       const w = weekRows.rows[0]!;
  103 |       weekStart = w.week_start;

Expected ',', got ')' @ http://localhost:3000/_next/static/chunks/1d4a1_next_dist_0c466df3._.js:3117
[  255559ms] [ERROR] ./app/api/dashboard/[groupId]/overview/route.ts:100:10
Parsing ecmascript source code failed
   98 |           success: true,
   99 |           data: { week: null, kpis: null, sov: [], network_breakdown: [], insights: [],
> 100 |         });
      |          ^
  101 |       }
  102 |       const w = weekRows.rows[0]!;
  103 |       weekStart = w.week_start;

Expected ',', got ')' @ http://localhost:3000/_next/static/chunks/1d4a1_next_dist_0c466df3._.js:3117
[  255624ms] [LOG] [Fast Refresh] rebuilding @ http://localhost:3000/_next/static/chunks/1d4a1_next_dist_0c466df3._.js:2287
[  266285ms] [ERROR] ./app/api/dashboard/[groupId]/overview/route.ts:100:10
Parsing ecmascript source code failed
   98 |           success: true,
   99 |           data: { week: null, kpis: null, sov: [], network_breakdown: [], insights: [],
> 100 |         });
      |          ^
  101 |       }
  102 |       const w = weekRows.rows[0]!;
  103 |       weekStart = w.week_start;

Expected ',', got ')' @ http://localhost:3000/_next/static/chunks/1d4a1_next_dist_0c466df3._.js:3117
[  266339ms] [LOG] [Fast Refresh] rebuilding @ http://localhost:3000/_next/static/chunks/1d4a1_next_dist_0c466df3._.js:2287
[  266436ms] [ERROR] ./app/api/dashboard/[groupId]/overview/route.ts:100:10
Parsing ecmascript source code failed
   98 |           success: true,
   99 |           data: { week: null, kpis: null, sov: [], network_breakdown: [], insights: [],
> 100 |         });
      |          ^
  101 |       }
  102 |       const w = weekRows.rows[0]!;
  103 |       weekStart = w.week_start;

Expected ',', got ')' @ http://localhost:3000/_next/static/chunks/1d4a1_next_dist_0c466df3._.js:3117
[  266495ms] [LOG] [Fast Refresh] rebuilding @ http://localhost:3000/_next/static/chunks/1d4a1_next_dist_0c466df3._.js:2287
[  283820ms] [ERROR] ./app/api/dashboard/[groupId]/overview/route.ts:100:10
Parsing ecmascript source code failed
   98 |           success: true,
   99 |           data: { week: null, kpis: null, sov: [], network_breakdown: [], insights: [],
> 100 |         });
      |          ^
  101 |       }
  102 |       const w = weekRows.rows[0]!;
  103 |       weekStart = w.week_start;

Expected ',', got ')' @ http://localhost:3000/_next/static/chunks/1d4a1_next_dist_0c466df3._.js:3117
[  283925ms] [LOG] [Fast Refresh] rebuilding @ http://localhost:3000/_next/static/chunks/1d4a1_next_dist_0c466df3._.js:2287
[  283948ms] [ERROR] ./app/api/dashboard/[groupId]/overview/route.ts:100:10
Parsing ecmascript source code failed
   98 |           success: true,
   99 |           data: { week: null, kpis: null, sov: [], network_breakdown: [], insights: [],
> 100 |         });
      |          ^
  101 |       }
  102 |       const w = weekRows.rows[0]!;
  103 |       weekStart = w.week_start;

Expected ',', got ')' @ http://localhost:3000/_next/static/chunks/1d4a1_next_dist_0c466df3._.js:3117
[  284025ms] [ERROR] ./app/api/dashboard/[groupId]/overview/route.ts:100:10
Parsing ecmascript source code failed
   98 |           success: true,
   99 |           data: { week: null, kpis: null, sov: [], network_breakdown: [], insights: [],
> 100 |         });
      |          ^
  101 |       }
  102 |       const w = weekRows.rows[0]!;
  103 |       weekStart = w.week_start;

Expected ',', got ')' @ http://localhost:3000/_next/static/chunks/1d4a1_next_dist_0c466df3._.js:3117
[  284070ms] [LOG] [Fast Refresh] rebuilding @ http://localhost:3000/_next/static/chunks/1d4a1_next_dist_0c466df3._.js:2287
[  284146ms] [ERROR] ./app/api/dashboard/[groupId]/overview/route.ts:100:10
Parsing ecmascript source code failed
   98 |           success: true,
   99 |           data: { week: null, kpis: null, sov: [], network_breakdown: [], insights: [],
> 100 |         });
      |          ^
  101 |       }
  102 |       const w = weekRows.rows[0]!;
  103 |       weekStart = w.week_start;

Expected ',', got ')' @ http://localhost:3000/_next/static/chunks/1d4a1_next_dist_0c466df3._.js:3117
[  284204ms] [LOG] [Fast Refresh] rebuilding @ http://localhost:3000/_next/static/chunks/1d4a1_next_dist_0c466df3._.js:2287
[  284417ms] [ERROR] ./app/api/dashboard/[groupId]/overview/route.ts:100:10
Parsing ecmascript source code failed
   98 |           success: true,
   99 |           data: { week: null, kpis: null, sov: [], network_breakdown: [], insights: [],
> 100 |         });
      |          ^
  101 |       }
  102 |       const w = weekRows.rows[0]!;
  103 |       weekStart = w.week_start;

Expected ',', got ')' @ http://localhost:3000/_next/static/chunks/1d4a1_next_dist_0c466df3._.js:3117
[  284477ms] [LOG] [Fast Refresh] rebuilding @ http://localhost:3000/_next/static/chunks/1d4a1_next_dist_0c466df3._.js:2287
[  284769ms] [ERROR] ./app/api/dashboard/[groupId]/overview/route.ts:100:10
Parsing ecmascript source code failed
   98 |           success: true,
   99 |           data: { week: null, kpis: null, sov: [], network_breakdown: [], insights: [],
> 100 |         });
      |          ^
  101 |       }
  102 |       const w = weekRows.rows[0]!;
  103 |       weekStart = w.week_start;

Expected ',', got ')' @ http://localhost:3000/_next/static/chunks/1d4a1_next_dist_0c466df3._.js:3117
[  284834ms] [LOG] [Fast Refresh] rebuilding @ http://localhost:3000/_next/static/chunks/1d4a1_next_dist_0c466df3._.js:2287
[  292997ms] [ERROR] WebSocket connection to 'ws://localhost:3000/_next/webpack-hmr?id=yQPhP2zEuLfN6pfLZ15br' failed: Error in connection establishment: net::ERR_CONNECTION_REFUSED @ http://localhost:3000/_next/static/chunks/1d4a1_next_dist_client_2cb92f85._.js:10116
[  293998ms] [ERROR] WebSocket connection to 'ws://localhost:3000/_next/webpack-hmr?id=yQPhP2zEuLfN6pfLZ15br' failed: Error in connection establishment: net::ERR_CONNECTION_REFUSED @ http://localhost:3000/_next/static/chunks/1d4a1_next_dist_client_2cb92f85._.js:10116
[  295000ms] [ERROR] WebSocket connection to 'ws://localhost:3000/_next/webpack-hmr?id=yQPhP2zEuLfN6pfLZ15br' failed: Error in connection establishment: net::ERR_CONNECTION_REFUSED @ http://localhost:3000/_next/static/chunks/1d4a1_next_dist_client_2cb92f85._.js:10116
[  296007ms] [LOG] [HMR] connected @ http://localhost:3000/_next/static/chunks/1d4a1_next_dist_0c466df3._.js:2287
[  300065ms] [INFO] %cDownload the React DevTools for a better development experience: https://react.dev/link/react-devtools font-weight:bold @ http://localhost:3000/_next/static/chunks/1d4a1_next_dist_0c466df3._.js:2287
[  300148ms] [LOG] [HMR] connected @ http://localhost:3000/_next/static/chunks/1d4a1_next_dist_0c466df3._.js:2287
[  300607ms] [LOG] %c[Vercel Web Analytics]%c Debug mode is enabled by default in development. No requests will be sent to the server. color: rgb(120, 120, 120) color: inherit @ http://localhost:3000/_next/static/chunks/1d4a1_next_dist_0c466df3._.js:2287
[  300607ms] [LOG] %c[Vercel Web Analytics]%c Running queued event color: rgb(120, 120, 120) color: inherit pageview {route: /dashboard/benchmark, path: /dashboard/benchmark} @ http://localhost:3000/_next/static/chunks/1d4a1_next_dist_0c466df3._.js:2287
[  300607ms] [LOG] %c[Vercel Web Analytics]%c [view] http://localhost:3000/dashboard/benchmark color: rgb(120, 120, 120) color: inherit {o: http://localhost:3000/dashboard/benchmark, sv: 0.1.3, sdkn: @vercel/analytics/next, sdkv: 1.3.1, ts: 1776017379246} /_vercel/insights/view @ http://localhost:3000/_next/static/chunks/1d4a1_next_dist_0c466df3._.js:2287
[  302211ms] [LOG] [Fast Refresh] rebuilding @ http://localhost:3000/_next/static/chunks/1d4a1_next_dist_0c466df3._.js:2287
[  302395ms] [LOG] [Fast Refresh] done in 287ms @ http://localhost:3000/_next/static/chunks/1d4a1_next_dist_0c466df3._.js:2287
[  302988ms] [LOG] [Fast Refresh] rebuilding @ http://localhost:3000/_next/static/chunks/1d4a1_next_dist_0c466df3._.js:2287
[  303448ms] [LOG] [Fast Refresh] done in 561ms @ http://localhost:3000/_next/static/chunks/1d4a1_next_dist_0c466df3._.js:2287
[  303655ms] [LOG] [Fast Refresh] rebuilding @ http://localhost:3000/_next/static/chunks/1d4a1_next_dist_0c466df3._.js:2287
[  304288ms] [LOG] [Fast Refresh] done in 733ms @ http://localhost:3000/_next/static/chunks/1d4a1_next_dist_0c466df3._.js:2287
[  304683ms] [LOG] [Fast Refresh] rebuilding @ http://localhost:3000/_next/static/chunks/1d4a1_next_dist_0c466df3._.js:2287
[  304718ms] [LOG] [Fast Refresh] done in 136ms @ http://localhost:3000/_next/static/chunks/1d4a1_next_dist_0c466df3._.js:2287
[  307303ms] [LOG] [Fast Refresh] rebuilding @ http://localhost:3000/_next/static/chunks/1d4a1_next_dist_0c466df3._.js:2287
[  307392ms] [LOG] [Fast Refresh] done in 190ms @ http://localhost:3000/_next/static/chunks/1d4a1_next_dist_0c466df3._.js:2287
[  308235ms] [LOG] [Fast Refresh] rebuilding @ http://localhost:3000/_next/static/chunks/1d4a1_next_dist_0c466df3._.js:2287
[  308328ms] [LOG] [Fast Refresh] done in 195ms @ http://localhost:3000/_next/static/chunks/1d4a1_next_dist_0c466df3._.js:2287
[  308578ms] [LOG] [Fast Refresh] rebuilding @ http://localhost:3000/_next/static/chunks/1d4a1_next_dist_0c466df3._.js:2287
