[     162ms] [LOG] [Fast Refresh] rebuilding @ http://localhost:3000/_next/static/chunks/1d4a1_next_dist_0c466df3._.js:2287
[    2072ms] [LOG] [Fast Refresh] done in 2012ms @ http://localhost:3000/_next/static/chunks/1d4a1_next_dist_0c466df3._.js:2287
[    2232ms] [INFO] %cDownload the React DevTools for a better development experience: https://react.dev/link/react-devtools font-weight:bold @ http://localhost:3000/_next/static/chunks/1d4a1_next_dist_0c466df3._.js:2287
[    2247ms] [LOG] [HMR] connected @ http://localhost:3000/_next/static/chunks/1d4a1_next_dist_0c466df3._.js:2287
[    2472ms] [LOG] [Fast Refresh] rebuilding @ http://localhost:3000/_next/static/chunks/1d4a1_next_dist_0c466df3._.js:2287
[    2473ms] [LOG] %c[Vercel Web Analytics]%c Debug mode is enabled by default in development. No requests will be sent to the server. color: rgb(120, 120, 120) color: inherit @ http://localhost:3000/_next/static/chunks/1d4a1_next_dist_0c466df3._.js:2287
[    2473ms] [LOG] %c[Vercel Web Analytics]%c Running queued event color: rgb(120, 120, 120) color: inherit pageview {route: /dashboard/trends, path: /dashboard/trends} @ http://localhost:3000/_next/static/chunks/1d4a1_next_dist_0c466df3._.js:2287
[    2473ms] [LOG] %c[Vercel Web Analytics]%c [view] http://localhost:3000/dashboard/trends color: rgb(120, 120, 120) color: inherit {o: http://localhost:3000/dashboard/trends, sv: 0.1.3, sdkn: @vercel/analytics/next, sdkv: 1.3.1, ts: 1776001006683} /_vercel/insights/view @ http://localhost:3000/_next/static/chunks/1d4a1_next_dist_0c466df3._.js:2287
[    2479ms] [LOG] [Fast Refresh] done in 131ms @ http://localhost:3000/_next/static/chunks/1d4a1_next_dist_0c466df3._.js:2287
[    2579ms] [LOG] [Fast Refresh] rebuilding @ http://localhost:3000/_next/static/chunks/1d4a1_next_dist_0c466df3._.js:2287
[    2580ms] [LOG] [Fast Refresh] done in 101ms @ http://localhost:3000/_next/static/chunks/1d4a1_next_dist_0c466df3._.js:2287
[   51359ms] [LOG] [Fast Refresh] rebuilding @ http://localhost:3000/_next/static/chunks/1d4a1_next_dist_0c466df3._.js:2287
[   51714ms] [LOG] [Fast Refresh] done in 456ms @ http://localhost:3000/_next/static/chunks/1d4a1_next_dist_0c466df3._.js:2287
[   51787ms] [WARNING] Detected `scroll-behavior: smooth` on the `<html>` element. To disable smooth scrolling during route transitions, add `data-scroll-behavior="smooth"` to your <html> element. Learn more: https://nextjs.org/docs/messages/missing-data-scroll-behavior @ http://localhost:3000/_next/static/chunks/1d4a1_next_dist_0c466df3._.js:2287
[   51800ms] [LOG] %c[Vercel Web Analytics]%c [view] http://localhost:3000/dashboard/benchmark color: rgb(120, 120, 120) color: inherit {o: http://localhost:3000/dashboard/benchmark, sv: 0.1.3, sdkn: @vercel/analytics/next, sdkv: 1.3.1, ts: 1776001056008} /_vercel/insights/view @ http://localhost:3000/_next/static/chunks/1d4a1_next_dist_0c466df3._.js:2287
[  105612ms] [INFO] %cDownload the React DevTools for a better development experience: https://react.dev/link/react-devtools font-weight:bold @ http://localhost:3000/_next/static/chunks/1d4a1_next_dist_0c466df3._.js:2287
[  105642ms] [LOG] [HMR] connected @ http://localhost:3000/_next/static/chunks/1d4a1_next_dist_0c466df3._.js:2287
[  105903ms] [LOG] %c[Vercel Web Analytics]%c Debug mode is enabled by default in development. No requests will be sent to the server. color: rgb(120, 120, 120) color: inherit @ http://localhost:3000/_next/static/chunks/1d4a1_next_dist_0c466df3._.js:2287
[  105903ms] [LOG] %c[Vercel Web Analytics]%c Running queued event color: rgb(120, 120, 120) color: inherit pageview {route: /dashboard/benchmark, path: /dashboard/benchmark} @ http://localhost:3000/_next/static/chunks/1d4a1_next_dist_0c466df3._.js:2287
[  105903ms] [LOG] %c[Vercel Web Analytics]%c [view] http://localhost:3000/dashboard/benchmark color: rgb(120, 120, 120) color: inherit {o: http://localhost:3000/dashboard/benchmark, sv: 0.1.3, sdkn: @vercel/analytics/next, sdkv: 1.3.1, ts: 1776001110114} /_vercel/insights/view @ http://localhost:3000/_next/static/chunks/1d4a1_next_dist_0c466df3._.js:2287
[  105923ms] [WARNING] Detected `scroll-behavior: smooth` on the `<html>` element. To disable smooth scrolling during route transitions, add `data-scroll-behavior="smooth"` to your <html> element. Learn more: https://nextjs.org/docs/messages/missing-data-scroll-behavior @ http://localhost:3000/_next/static/chunks/1d4a1_next_dist_0c466df3._.js:2287
[  105925ms] [LOG] %c[Vercel Web Analytics]%c [view] http://localhost:3000/auth/login color: rgb(120, 120, 120) color: inherit {o: http://localhost:3000/auth/login, sv: 0.1.3, sdkn: @vercel/analytics/next, sdkv: 1.3.1, ts: 1776001110135} /_vercel/insights/view @ http://localhost:3000/_next/static/chunks/1d4a1_next_dist_0c466df3._.js:2287
[  106033ms] [VERBOSE] [DOM] Input elements should have autocomplete attributes (suggested: "current-password"): (More info: https://goo.gl/9p2vKq) %o @ http://localhost:3000/auth/login:0
[  116173ms] [LOG] %c[Vercel Web Analytics]%c [view] http://localhost:3000/select-client color: rgb(120, 120, 120) color: inherit {o: http://localhost:3000/select-client, sv: 0.1.3, sdkn: @vercel/analytics/next, sdkv: 1.3.1, ts: 1776001120381} /_vercel/insights/view @ http://localhost:3000/_next/static/chunks/1d4a1_next_dist_0c466df3._.js:2287
[  118082ms] [LOG] %c[Vercel Web Analytics]%c [view] http://localhost:3000/dashboard/overview color: rgb(120, 120, 120) color: inherit {o: http://localhost:3000/dashboard/overview, sv: 0.1.3, sdkn: @vercel/analytics/next, sdkv: 1.3.1, ts: 1776001122213} /_vercel/insights/view @ http://localhost:3000/_next/static/chunks/1d4a1_next_dist_0c466df3._.js:2287
[  120380ms] [LOG] %c[Vercel Web Analytics]%c [view] http://localhost:3000/dashboard/rankings color: rgb(120, 120, 120) color: inherit {o: http://localhost:3000/dashboard/rankings, sv: 0.1.3, sdkn: @vercel/analytics/next, sdkv: 1.3.1, ts: 1776001124579} /_vercel/insights/view @ http://localhost:3000/_next/static/chunks/1d4a1_next_dist_0c466df3._.js:2287
[  120696ms] [WARNING] The width(80) and height(32) are both fixed numbers,
       maybe you don't need to use a ResponsiveContainer. @ http://localhost:3000/_next/static/chunks/1d4a1_next_dist_0c466df3._.js:2287
[  120697ms] [WARNING] The width(80) and height(32) are both fixed numbers,
       maybe you don't need to use a ResponsiveContainer. @ http://localhost:3000/_next/static/chunks/1d4a1_next_dist_0c466df3._.js:2287
[  120702ms] [WARNING] The width(80) and height(32) are both fixed numbers,
       maybe you don't need to use a ResponsiveContainer. @ http://localhost:3000/_next/static/chunks/1d4a1_next_dist_0c466df3._.js:2287
[  120702ms] [WARNING] The width(80) and height(32) are both fixed numbers,
       maybe you don't need to use a ResponsiveContainer. @ http://localhost:3000/_next/static/chunks/1d4a1_next_dist_0c466df3._.js:2287
[  120706ms] [WARNING] The width(80) and height(32) are both fixed numbers,
       maybe you don't need to use a ResponsiveContainer. @ http://localhost:3000/_next/static/chunks/1d4a1_next_dist_0c466df3._.js:2287
[  120707ms] [WARNING] The width(80) and height(32) are both fixed numbers,
       maybe you don't need to use a ResponsiveContainer. @ http://localhost:3000/_next/static/chunks/1d4a1_next_dist_0c466df3._.js:2287
[  120712ms] [WARNING] The width(80) and height(32) are both fixed numbers,
       maybe you don't need to use a ResponsiveContainer. @ http://localhost:3000/_next/static/chunks/1d4a1_next_dist_0c466df3._.js:2287
[  120713ms] [WARNING] The width(80) and height(32) are both fixed numbers,
       maybe you don't need to use a ResponsiveContainer. @ http://localhost:3000/_next/static/chunks/1d4a1_next_dist_0c466df3._.js:2287
[  120719ms] [WARNING] The width(80) and height(32) are both fixed numbers,
       maybe you don't need to use a ResponsiveContainer. @ http://localhost:3000/_next/static/chunks/1d4a1_next_dist_0c466df3._.js:2287
[  120720ms] [WARNING] The width(80) and height(32) are both fixed numbers,
       maybe you don't need to use a ResponsiveContainer. @ http://localhost:3000/_next/static/chunks/1d4a1_next_dist_0c466df3._.js:2287
[  120723ms] [WARNING] The width(80) and height(32) are both fixed numbers,
       maybe you don't need to use a ResponsiveContainer. @ http://localhost:3000/_next/static/chunks/1d4a1_next_dist_0c466df3._.js:2287
[  120724ms] [WARNING] The width(80) and height(32) are both fixed numbers,
       maybe you don't need to use a ResponsiveContainer. @ http://localhost:3000/_next/static/chunks/1d4a1_next_dist_0c466df3._.js:2287
[  120728ms] [WARNING] The width(80) and height(32) are both fixed numbers,
       maybe you don't need to use a ResponsiveContainer. @ http://localhost:3000/_next/static/chunks/1d4a1_next_dist_0c466df3._.js:2287
[  120728ms] [WARNING] The width(80) and height(32) are both fixed numbers,
       maybe you don't need to use a ResponsiveContainer. @ http://localhost:3000/_next/static/chunks/1d4a1_next_dist_0c466df3._.js:2287
[  120733ms] [WARNING] The width(80) and height(32) are both fixed numbers,
       maybe you don't need to use a ResponsiveContainer. @ http://localhost:3000/_next/static/chunks/1d4a1_next_dist_0c466df3._.js:2287
[  120733ms] [WARNING] The width(80) and height(32) are both fixed numbers,
       maybe you don't need to use a ResponsiveContainer. @ http://localhost:3000/_next/static/chunks/1d4a1_next_dist_0c466df3._.js:2287
[  120784ms] [WARNING] The width(80) and height(32) are both fixed numbers,
       maybe you don't need to use a ResponsiveContainer. @ http://localhost:3000/_next/static/chunks/1d4a1_next_dist_0c466df3._.js:2287
[  120785ms] [WARNING] The width(80) and height(32) are both fixed numbers,
       maybe you don't need to use a ResponsiveContainer. @ http://localhost:3000/_next/static/chunks/1d4a1_next_dist_0c466df3._.js:2287
[  120790ms] [WARNING] The width(80) and height(32) are both fixed numbers,
       maybe you don't need to use a ResponsiveContainer. @ http://localhost:3000/_next/static/chunks/1d4a1_next_dist_0c466df3._.js:2287
[  120790ms] [WARNING] The width(80) and height(32) are both fixed numbers,
       maybe you don't need to use a ResponsiveContainer. @ http://localhost:3000/_next/static/chunks/1d4a1_next_dist_0c466df3._.js:2287
[  120793ms] [WARNING] The width(80) and height(32) are both fixed numbers,
       maybe you don't need to use a ResponsiveContainer. @ http://localhost:3000/_next/static/chunks/1d4a1_next_dist_0c466df3._.js:2287
[  120794ms] [WARNING] The width(80) and height(32) are both fixed numbers,
       maybe you don't need to use a ResponsiveContainer. @ http://localhost:3000/_next/static/chunks/1d4a1_next_dist_0c466df3._.js:2287
[  120797ms] [WARNING] The width(80) and height(32) are both fixed numbers,
       maybe you don't need to use a ResponsiveContainer. @ http://localhost:3000/_next/static/chunks/1d4a1_next_dist_0c466df3._.js:2287
[  120797ms] [WARNING] The width(80) and height(32) are both fixed numbers,
       maybe you don't need to use a ResponsiveContainer. @ http://localhost:3000/_next/static/chunks/1d4a1_next_dist_0c466df3._.js:2287
[  120800ms] [WARNING] The width(80) and height(32) are both fixed numbers,
       maybe you don't need to use a ResponsiveContainer. @ http://localhost:3000/_next/static/chunks/1d4a1_next_dist_0c466df3._.js:2287
[  120800ms] [WARNING] The width(80) and height(32) are both fixed numbers,
       maybe you don't need to use a ResponsiveContainer. @ http://localhost:3000/_next/static/chunks/1d4a1_next_dist_0c466df3._.js:2287
[  120803ms] [WARNING] The width(80) and height(32) are both fixed numbers,
       maybe you don't need to use a ResponsiveContainer. @ http://localhost:3000/_next/static/chunks/1d4a1_next_dist_0c466df3._.js:2287
[  120804ms] [WARNING] The width(80) and height(32) are both fixed numbers,
       maybe you don't need to use a ResponsiveContainer. @ http://localhost:3000/_next/static/chunks/1d4a1_next_dist_0c466df3._.js:2287
[  120807ms] [WARNING] The width(80) and height(32) are both fixed numbers,
       maybe you don't need to use a ResponsiveContainer. @ http://localhost:3000/_next/static/chunks/1d4a1_next_dist_0c466df3._.js:2287
[  120807ms] [WARNING] The width(80) and height(32) are both fixed numbers,
       maybe you don't need to use a ResponsiveContainer. @ http://localhost:3000/_next/static/chunks/1d4a1_next_dist_0c466df3._.js:2287
[  120810ms] [WARNING] The width(80) and height(32) are both fixed numbers,
       maybe you don't need to use a ResponsiveContainer. @ http://localhost:3000/_next/static/chunks/1d4a1_next_dist_0c466df3._.js:2287
[  120810ms] [WARNING] The width(80) and height(32) are both fixed numbers,
       maybe you don't need to use a ResponsiveContainer. @ http://localhost:3000/_next/static/chunks/1d4a1_next_dist_0c466df3._.js:2287
[  120847ms] [WARNING] The width(80) and height(32) are both fixed numbers,
       maybe you don't need to use a ResponsiveContainer. @ http://localhost:3000/_next/static/chunks/1d4a1_next_dist_0c466df3._.js:2287
[  120847ms] [WARNING] The width(80) and height(32) are both fixed numbers,
       maybe you don't need to use a ResponsiveContainer. @ http://localhost:3000/_next/static/chunks/1d4a1_next_dist_0c466df3._.js:2287
[  120854ms] [WARNING] The width(80) and height(32) are both fixed numbers,
       maybe you don't need to use a ResponsiveContainer. @ http://localhost:3000/_next/static/chunks/1d4a1_next_dist_0c466df3._.js:2287
[  120855ms] [WARNING] The width(80) and height(32) are both fixed numbers,
       maybe you don't need to use a ResponsiveContainer. @ http://localhost:3000/_next/static/chunks/1d4a1_next_dist_0c466df3._.js:2287
[  120861ms] [WARNING] The width(80) and height(32) are both fixed numbers,
       maybe you don't need to use a ResponsiveContainer. @ http://localhost:3000/_next/static/chunks/1d4a1_next_dist_0c466df3._.js:2287
[  120861ms] [WARNING] The width(80) and height(32) are both fixed numbers,
       maybe you don't need to use a ResponsiveContainer. @ http://localhost:3000/_next/static/chunks/1d4a1_next_dist_0c466df3._.js:2287
[  120864ms] [WARNING] The width(80) and height(32) are both fixed numbers,
       maybe you don't need to use a ResponsiveContainer. @ http://localhost:3000/_next/static/chunks/1d4a1_next_dist_0c466df3._.js:2287
[  120864ms] [WARNING] The width(80) and height(32) are both fixed numbers,
       maybe you don't need to use a ResponsiveContainer. @ http://localhost:3000/_next/static/chunks/1d4a1_next_dist_0c466df3._.js:2287
[  120867ms] [WARNING] The width(80) and height(32) are both fixed numbers,
       maybe you don't need to use a ResponsiveContainer. @ http://localhost:3000/_next/static/chunks/1d4a1_next_dist_0c466df3._.js:2287
[  120867ms] [WARNING] The width(80) and height(32) are both fixed numbers,
       maybe you don't need to use a ResponsiveContainer. @ http://localhost:3000/_next/static/chunks/1d4a1_next_dist_0c466df3._.js:2287
[  120870ms] [WARNING] The width(80) and height(32) are both fixed numbers,
       maybe you don't need to use a ResponsiveContainer. @ http://localhost:3000/_next/static/chunks/1d4a1_next_dist_0c466df3._.js:2287
[  120871ms] [WARNING] The width(80) and height(32) are both fixed numbers,
       maybe you don't need to use a ResponsiveContainer. @ http://localhost:3000/_next/static/chunks/1d4a1_next_dist_0c466df3._.js:2287
[  120873ms] [WARNING] The width(80) and height(32) are both fixed numbers,
       maybe you don't need to use a ResponsiveContainer. @ http://localhost:3000/_next/static/chunks/1d4a1_next_dist_0c466df3._.js:2287
[  120873ms] [WARNING] The width(80) and height(32) are both fixed numbers,
       maybe you don't need to use a ResponsiveContainer. @ http://localhost:3000/_next/static/chunks/1d4a1_next_dist_0c466df3._.js:2287
[  120876ms] [WARNING] The width(80) and height(32) are both fixed numbers,
       maybe you don't need to use a ResponsiveContainer. @ http://localhost:3000/_next/static/chunks/1d4a1_next_dist_0c466df3._.js:2287
[  120876ms] [WARNING] The width(80) and height(32) are both fixed numbers,
       maybe you don't need to use a ResponsiveContainer. @ http://localhost:3000/_next/static/chunks/1d4a1_next_dist_0c466df3._.js:2287
[  123000ms] [LOG] [Fast Refresh] rebuilding @ http://localhost:3000/_next/static/chunks/1d4a1_next_dist_0c466df3._.js:2287
[  123392ms] [LOG] [Fast Refresh] done in 493ms @ http://localhost:3000/_next/static/chunks/1d4a1_next_dist_0c466df3._.js:2287
[  123505ms] [LOG] %c[Vercel Web Analytics]%c [view] http://localhost:3000/dashboard/channel color: rgb(120, 120, 120) color: inherit {o: http://localhost:3000/dashboard/channel, sv: 0.1.3, sdkn: @vercel/analytics/next, sdkv: 1.3.1, ts: 1776001127711} /_vercel/insights/view @ http://localhost:3000/_next/static/chunks/1d4a1_next_dist_0c466df3._.js:2287
[  123508ms] [LOG] [Fast Refresh] rebuilding @ http://localhost:3000/_next/static/chunks/1d4a1_next_dist_0c466df3._.js:2287
[  123834ms] [LOG] [Fast Refresh] done in 440ms @ http://localhost:3000/_next/static/chunks/1d4a1_next_dist_0c466df3._.js:2287
[  125576ms] [LOG] [Fast Refresh] rebuilding @ http://localhost:3000/_next/static/chunks/1d4a1_next_dist_0c466df3._.js:2287
[  125956ms] [LOG] [Fast Refresh] done in 481ms @ http://localhost:3000/_next/static/chunks/1d4a1_next_dist_0c466df3._.js:2287
[  126082ms] [LOG] %c[Vercel Web Analytics]%c [view] http://localhost:3000/dashboard/content color: rgb(120, 120, 120) color: inherit {o: http://localhost:3000/dashboard/content, sv: 0.1.3, sdkn: @vercel/analytics/next, sdkv: 1.3.1, ts: 1776001130280} /_vercel/insights/view @ http://localhost:3000/_next/static/chunks/1d4a1_next_dist_0c466df3._.js:2287
[  126088ms] [LOG] [Fast Refresh] rebuilding @ http://localhost:3000/_next/static/chunks/1d4a1_next_dist_0c466df3._.js:2287
[  126379ms] [LOG] [Fast Refresh] done in 421ms @ http://localhost:3000/_next/static/chunks/1d4a1_next_dist_0c466df3._.js:2287
[  128310ms] [LOG] %c[Vercel Web Analytics]%c [view] http://localhost:3000/dashboard/benchmark color: rgb(120, 120, 120) color: inherit {o: http://localhost:3000/dashboard/benchmark, sv: 0.1.3, sdkn: @vercel/analytics/next, sdkv: 1.3.1, ts: 1776001132516} /_vercel/insights/view @ http://localhost:3000/_next/static/chunks/1d4a1_next_dist_0c466df3._.js:2287
[  130233ms] [LOG] %c[Vercel Web Analytics]%c [view] http://localhost:3000/dashboard/trends color: rgb(120, 120, 120) color: inherit {o: http://localhost:3000/dashboard/trends, sv: 0.1.3, sdkn: @vercel/analytics/next, sdkv: 1.3.1, ts: 1776001134437} /_vercel/insights/view @ http://localhost:3000/_next/static/chunks/1d4a1_next_dist_0c466df3._.js:2287
